  17
 Etot=         -61.9053551412
 F         -0.8932352409       -1.8430469327        0.0423583057
 F         -0.4322714888       -0.4503581364        1.6586792395
 F          1.7067027322       -1.6513798462        0.7192499070
 F          1.2198048536       -1.1415200486       -1.3518984644
 F         -0.8599422376        1.6576949163        0.0679631882
 F         -1.0645100602        0.3694091283       -1.6836773210
 F          1.6320536876        1.4499945475       -0.8992390084
 F          3.2770686842        0.2683082735       -0.1468947121
 F          1.8542132524        1.1337640121        1.2366568326
 O         -3.0752377468        0.8381935871        1.0913805338
 O         -3.4299677048       -0.5084275331       -0.6834836788
 C         -0.3578716576       -0.6437333582        0.3303884981
 C          1.1453286945       -0.7229559221       -0.0780350517
 C         -1.2379501418        0.4393741594       -0.3567153624
 C          1.9952313876        0.5744514033        0.0354527445
 C         -2.7298577004        0.1868127940       -0.0179502222
 H         -4.0021633831        0.6484012490        1.2855985438
  17
 Etot=         -61.9065356544
 F         -0.8973445411       -1.8541681715        0.0676113061
 F         -0.4285662148       -0.4611640761        1.6659207053
 F          1.7170970311       -1.6591544073        0.7034111017
 F          1.2209980396       -1.1565200920       -1.3547738908
 F         -0.8379831927        1.6556745222        0.0602434877
 F         -1.0487931369        0.3799710696       -1.6891749111
 F          1.6219505352        1.4552942358       -0.8940631657
 F          3.2644152301        0.2894889954       -0.1392569495
 F          1.8369926753        1.1401965816        1.2325205334
 O         -3.0657971249        0.8295888596        1.0858274358
 O         -3.4352780165       -0.4972082686       -0.6882187584
 C         -0.3601864306       -0.6495155787        0.3354460346
 C          1.1409058566       -0.7306147592       -0.0833738815
 C         -1.2308968577        0.4390309388       -0.3603416547
 C          1.9793933268        0.5763448379        0.0363316054
 C         -2.7307479365        0.1903317941       -0.0227103233
 H         -3.9987633128        0.6574058114        1.2944352971
  17
 Etot=         -61.9070284575
 F         -0.9063827633       -1.8674428407        0.1005492858
 F         -0.4219492120       -0.4680332630        1.6712494564
 F          1.7322399215       -1.6671733377        0.6833463953
 F          1.2206019595       -1.1697207091       -1.3586273495
 F         -0.8155027620        1.6474549105        0.0584917706
 F         -1.0251802083        0.3877016793       -1.6907093876
 F          1.6083958226        1.4588759875       -0.8941707240
 F          3.2510596019        0.3146948137       -0.1265136846
 F          1.8052760317        1.1454368764        1.2263883746
 O         -3.0527010269        0.8180223607        1.0809508197
 O         -3.4415532144       -0.4789715870       -0.7041891076
 C         -0.3603309431       -0.6589453625        0.3402804605
 C          1.1376773935       -0.7381489168       -0.0898151074
 C         -1.2222869158        0.4336247071       -0.3613953144
 C          1.9609759500        0.5800797176        0.0352086982
 C         -2.7323993898        0.1950358266       -0.0303861403
 H         -3.9905443149        0.6724914302        1.3091755266
  17
 Etot=         -61.9071206700
 F         -0.9094775907       -1.8709419350        0.1133014625
 F         -0.4165404254       -0.4655149620        1.6731692209
 F          1.7381183683       -1.6689047278        0.6769371455
 F          1.2179804311       -1.1723948176       -1.3611966958
 F         -0.8118874414        1.6427637075        0.0635446777
 F         -1.0157615324        0.3887944540       -1.6889829158
 F          1.6040239486        1.4558155578       -0.9007092687
 F          3.2464223330        0.3215531176       -0.1178174045
 F          1.7860213198        1.1480874090        1.2224203803
 O         -3.0461849958        0.8106169063        1.0822077099
 O         -3.4426424409       -0.4659990949       -0.7183308045
 C         -0.3589787088       -0.6623629758        0.3427326173
 C          1.1369696561       -0.7409273955       -0.0925139588
 C         -1.2186481395        0.4300684133       -0.3602513639
 C          1.9539127872        0.5813915145        0.0334766462
 C         -2.7318070089        0.1960648190       -0.0340837024
 H         -3.9841246300        0.6768723027        1.3159302262
  17
 Etot=         -61.9072187244
 F         -0.9144884147       -1.8738820483        0.1349093775
 F         -0.4051520521       -0.4556267348        1.6770378986
 F          1.7463151063       -1.6715687360        0.6675566942
 F          1.2100544335       -1.1745794791       -1.3661373113
 F         -0.8102016294        1.6363397459        0.0748906544
 F         -1.0010993572        0.3894994058       -1.6846107862
 F          1.6017543005        1.4456747166       -0.9179981060
 F          3.2403505150        0.3288580835       -0.0983627654
 F          1.7509625073        1.1554449373        1.2129522125
 O         -3.0348697059        0.7926959428        1.0877592189
 O         -3.4439285334       -0.4387534308       -0.7479547970
 C         -0.3564801920       -0.6661918213        0.3479873835
 C          1.1356392371       -0.7455575396       -0.0966312080
 C         -1.2131109287        0.4250043744       -0.3576134059
 C          1.9436947704        0.5824310563        0.0297042676
 C         -2.7309301921        0.1990768184       -0.0426377126
 H         -3.9711139344        0.6761170018        1.3289823574
  17
 Etot=         -61.9072433901
 F         -0.9158091743       -1.8725638626        0.1414186064
 F         -0.4012783519       -0.4500840098        1.6790131698
 F          1.7467775267       -1.6728315931        0.6651445825
 F          1.2053751065       -1.1733579660       -1.3675688911
 F         -0.8118080147        1.6364767943        0.0780158773
 F         -0.9981722534        0.3893273524       -1.6829461266
 F          1.6057577783        1.4404180894       -0.9255291339
 F          3.2400841510        0.3278572134       -0.0907370805
 F          1.7431116921        1.1601024590        1.2081764646
 O         -3.0322650397        0.7827765685        1.0915082706
 O         -3.4447007293       -0.4276988790       -0.7583946758
 C         -0.3561463778       -0.6654829773        0.3506099335
 C          1.1349159784       -0.7464025647       -0.0971526689
 C         -1.2122958362        0.4248934964       -0.3567595582
 C          1.9428076305        0.5818581800        0.0283872305
 C         -2.7306004272        0.1991746026       -0.0451720643
 H         -3.9683577288        0.6705193897        1.3318200363
