
       ╔════════════════════════════════════════════╗
       ║            ___ ___ ___ ___ _____           ║
       ║           / __| _ \ __/ __|_   _|          ║
       ║          | (__|   / _|\__ \ | |            ║
       ║           \___|_|_\___|___/ |_|            ║
       ║                                            ║
       ║  Conformer-Rotamer Ensemble Sampling Tool  ║
       ║          based on the xTB methods          ║
       ║                                            ║
       ╚════════════════════════════════════════════╝
       Version 3.0.2, Thu, 29 August 14:20:46, 08/29/2024
       commit (65685a7) compiled by 'usr@d37571da525e'

   Cite work conducted with this code as

   • P.Pracht, F.Bohle, S.Grimme, PCCP, 2020, 22, 7169-7192.
   • S.Grimme, JCTC, 2019, 15, 2847-2862.
   • P.Pracht, S.Grimme, C.Bannwarth, F.Bohle, S.Ehlert,
     G.Feldmann, J.Gorges, M.Müller, T.Neudecker, C.Plett,
     S.Spicher, P.Steinbach, P.Wesołowski, F.Zeller,
     J. Chem. Phys., 2024, 160, 114110.

   for works involving QCG cite

   • S.Spicher, C.Plett, P.Pracht, A.Hansen, S.Grimme,
     JCTC, 2022, 18 (5), 3174-3189.
   • C.Plett, S. Grimme,
     Angew. Chem. Int. Ed. 2023, 62, e202214477.

   for works involving MECP screening cite

   • P.Pracht, C.Bannwarth, JCTC, 2022, 18 (10), 6370-6385.

   Original code
     P.Pracht, S.Grimme, Universität Bonn, MCTC
   with help from (alphabetical order):
     C.Bannwarth, F.Bohle, S.Ehlert, G.Feldmann, J.Gorges,
     S.Grimme, C.Plett, P.Pracht, S.Spicher, P.Steinbach,
     P.Wesolowski, F.Zeller

   Online documentation is available at
   https://crest-lab.github.io/crest-docs/

   This program is distributed in the hope that it will be useful,
   but WITHOUT ANY WARRANTY; without even the implied warranty of
   MERCHANTABILITY or FITNESS FOR A PARTICULAR PURPOSE. See the
   GNU Lesser General Public License (LGPL) for more details.

 Command line input:
 $ crest --input crest.toml

 reading crest.toml
********************************************************************************
* INPUT FILE crest.toml content (without comments):
********************************************************************************
* threads = 20
* runtype = "protonate"
* input = "input.xyz"
* [protonation]
* ion = "Na+"
* ewin = 10.0000000000
* ffopt = true
* finalopt = true
********************************************************************************
  -swel : using Na-atom with charge 1 instead of H⁺

> Setting up backup calculator ... done.
 ----------------
 Calculation info
 ----------------
> User-defined calculation level:
 : xTB calculation via tblite lib
 : GFN2-xTB level
 :   Molecular charge    : 0
 :   Fermi temperature   : 300.00000
 :   Accuracy            : 1.00000
 :   max SCC cycles      : 500


 -----------------------------
 Initial Geometry Optimization
 -----------------------------
 Geometry successfully optimized.

                  _                    _        
  _ __  _ __ ___ | |_ ___  _ __   __ _| |_ ___  
 | '_ \| '__/ _ \| __/ _ \| '_ \ / _` | __/ _ \ 
 | |_) | | | (_) | || (_) | | | | (_| | ||  __/ 
 | .__/|_|  \___/ \__\___/|_| |_|\__,_|\__\___| 
 |_|                                            
 -----------------------------------------------
   automated protonation site screening script  
        revised version (c) P.Pracht 2024       
 Cite as:
   P.Pracht, C.A.Bauer, S.Grimme
   JCC, 2017, 38, 2618–2631.

 =============================
  # threads =          20
 =============================

 Input structure:
  17

 F         -0.9179840679       -1.8682464322        0.1525245790
 F         -0.3958536707       -0.4389251156        1.6829235536
 F          1.7452861366       -1.6758206414        0.6615082553
 F          1.1966940854       -1.1700035998       -1.3691987284
 F         -0.8149654502        1.6394091731        0.0792187857
 F         -0.9951199820        0.3880993199       -1.6809708668
 F          1.6168802306        1.4306917046       -0.9381240128
 F          3.2415808381        0.3231090111       -0.0776626288
 F          1.7354695231        1.1699287706        1.1991892450
 O         -3.0291184792        0.7619141820        1.0999580654
 O         -3.4481489649       -0.4067352304       -0.7757725704
 C         -0.3561926230       -0.6619400898        0.3558101137
 C          1.1335064908       -0.7469622892       -0.0969020466
 C         -1.2121094301        0.4264588850       -0.3561576024
 C          1.9441266400        0.5801079809        0.0266790646
 C         -2.7310037361        0.2004603477       -0.0499121570
 H         -3.9656516103        0.6534363166        1.3367229230

--------------------------------------------------------------------------------

> Setting up GFN0-xTB for LMO center calculation ... done.
> Performing singlepoint calculation ... 
 dipole moment from electron density (au)
     X       Y       Z   
  -0.7559   0.6213   1.1160  total (Debye):    3.773
 doing rotations ...
 doing transformations ...
  LMO type  Fii/eV   ncent   charge center         contributions...
    1 sigma -459.84   1.75   3.26328   2.11003  -1.12018    7  F :  0.69   15  C :  0.32
    2 sigma -459.80   1.75   5.23654   0.76341  -0.07754    8  F :  0.69   15  C :  0.31
    3 sigma -459.62   1.75   3.40810   1.79412   1.47105    9  F :  0.69   15  C :  0.32
    4 sigma -458.24   1.76   2.20737  -1.90666  -1.71877    4  F :  0.68   13  C :  0.32
    5 sigma -458.22   1.75  -1.34517  -2.70426   0.40759    1  F :  0.69   12  C :  0.31
    6 sigma -457.89   1.76  -2.04092   0.74331  -2.26642    6  F :  0.68   14  C :  0.32
    7 sigma -457.41   1.76  -0.71141  -0.96511   2.26732    2  F :  0.68   12  C :  0.32
    8 sigma -457.33   1.76  -1.82292   2.26156  -0.13292    5  F :  0.68   14  C :  0.32
    9 sigma -457.32   1.76   2.87110  -2.52376   0.74619    3  F :  0.69   13  C :  0.31
   10 sigma -454.43   1.98  -6.76944   1.31320   2.33533   10  O :  0.55   17  H :  0.44
   11 pi    -411.93   1.84  -5.92969  -0.75578  -0.77542   11  O :  0.65   16  C :  0.35
   12 pi    -411.74   1.84  -6.14437   0.01523  -1.21176   11  O :  0.65   16  C :  0.34
   13 pi    -394.44   1.67  -5.66407   1.48416   1.26953   10  O :  0.72   16  C :  0.27
   14 pi    -393.21   1.64  -5.48233   0.79122   1.67508   10  O :  0.73   16  C :  0.26
   15 LP    -392.93   0.99  -1.28298   2.06457  -3.54927    6  F :  1.01
   16 sigma -391.53   2.02  -1.49785  -0.22149  -0.01451   14  C :  0.50   12  C :  0.50
   17 sigma -390.92   2.00   0.73022  -1.28022   0.22505   13  C :  0.50   12  C :  0.50
   18 sigma -390.91   1.99   2.86600  -0.16327  -0.05855   13  C :  0.51   15  C :  0.50
   19 sigma -389.66   2.01  -3.69483   0.60074  -0.38482   14  C :  0.52   16  C :  0.48
   20 LP    -389.34   1.00  -0.91286  -0.38539  -3.49121    6  F :  1.00
   21 LP    -388.13   1.01   0.86117  -2.39329  -3.13604    4  F :  0.99
   22 LP    -387.82   1.01  -2.70692   3.82520   0.79073    5  F :  0.99
   23 LP    -387.46   1.02   6.36413  -0.86647  -0.34691    8  F :  0.99
   24 LP    -387.31   1.02   4.61050   2.32542   2.95822    9  F :  0.99
   25 LP    -387.29   1.02  -2.93530  -3.38468  -0.62311    1  F :  0.99
   26 LP    -387.15   1.02   2.31540  -3.74644   2.24721    3  F :  0.99
   27 LP    -387.10   1.02   3.02227  -1.20044  -3.41924    4  F :  0.99
   28 LP    -387.09   1.02   6.64542   1.38716  -1.32417    8  F :  0.99
   29 LP    -387.01   1.02   4.46634  -2.53220   1.97516    3  F :  0.99
   30 LP    -386.75   1.02   0.65217  -0.58747   3.70310    2  F :  0.99
   31 LP    -386.67   1.02  -3.19075   0.51920  -3.90768    6  F :  0.99
   32 LP    -386.67   1.02   2.31924   1.40264   3.10681    9  F :  0.99
   33 LP    -386.61   1.03   2.56299   3.96471  -1.12049    7  F :  0.99
   34 LP    -386.60   1.03  -1.33885  -2.06751   3.80483    2  F :  0.99
   35 LP    -386.57   1.02  -0.72020  -4.47447  -0.32638    1  F :  0.99
   36 LP    -386.51   1.02   1.98134   2.11821  -2.65809    7  F :  0.99
   37 LP    -386.34   1.02  -0.41677   2.92490   1.15053    5  F :  0.99
   38 LP    -386.33   1.02  -1.62868   0.36953   3.46184    2  F :  0.99
   39 LP    -386.21   1.03   6.78139   1.07689   1.12270    8  F :  0.99
   40 LP    -386.17   1.03  -2.16431  -4.03107   1.64066    1  F :  0.99
   41 LP    -386.15   1.03   3.78253  -4.24068   0.31073    3  F :  0.99
   42 LP    -386.14   1.03  -1.05124   3.85519  -1.06000    5  F :  0.99
   43 LP    -386.07   1.03   2.71123   3.57470   1.99296    9  F :  0.99
   44 LP    -386.07   1.03   4.29976   2.97602  -2.57180    7  F :  0.99
   45 LP    -386.01   1.03   2.99054  -3.52828  -2.56690    4  F :  0.99
   46 LP    -385.66   1.02  -4.65359   2.23246   2.95400   10  O :  0.99
   47 LP    -382.13   1.06  -5.88519  -1.28501  -2.69690   11  O :  0.97
   48 LP    -376.41   1.08  -7.87451  -0.78999  -0.82589   11  O :  0.96
 starting deloc pi regularization ...
 ncent threshold   2.20 --> # pi deloc LMO 3
> done.
> Total wall time for calculations
 * wall-time:     0 d,  0 h,  0 min,  0.085 sec
 *  cpu-time:     0 d,  0 h,  0 min,  0.099 sec
 * ratio c/w:     1.163 speedup
--------------------------------------------------------------------------------

> 34 π- or LP-centers identified as protonation candidates:
   LMO type     center(xyz/Ang)
     1 π        -3.13786    -0.39994    -0.41033
     2 π        -3.25146     0.00806    -0.64123
     3 π        -2.99730     0.78538     0.67181
     4 π        -2.90113     0.41870     0.88642
     5 LP       -0.67892     1.09252    -1.87819
     6 LP       -0.48306    -0.20394    -1.84747
     7 LP        0.45571    -1.26647    -1.65952
     8 LP       -1.43244     2.02421     0.41843
     9 LP        3.36775    -0.45851    -0.18358
    10 LP        2.43977     1.23056     1.56542
    11 LP       -1.55329    -1.79109    -0.32974
    12 LP        1.22526    -1.98253     1.18917
    13 LP        1.59932    -0.63525    -1.80939
    14 LP        3.51660     0.73405    -0.70072
    15 LP        2.36348    -1.33998     1.04521
    16 LP        0.34511    -0.31088     1.95959
    17 LP       -1.68847     0.27475    -2.06785
    18 LP        1.22729     0.74224     1.64405
    19 LP        1.35628     2.09804    -0.59294
    20 LP       -0.70849    -1.09408     2.01343
    21 LP       -0.38111    -2.36779    -0.17271
    22 LP        1.04848     1.12091    -1.40660
    23 LP       -0.22055     1.54779     0.60883
    24 LP       -0.86186     0.19554     1.83192
    25 LP        3.58856     0.56987     0.59411
    26 LP       -1.14530    -2.13315     0.86820
    27 LP        2.00163    -2.24407     0.16443
    28 LP       -0.55629     2.04008    -0.56093
    29 LP        1.43472     1.89165     1.05463
    30 LP        2.27533     1.57484    -1.36094
    31 LP        1.58253    -1.86709    -1.35835
    32 LP       -2.46257     1.18137     1.56319
    33 LP       -3.11431    -0.68000    -1.42714
    34 LP       -4.16701    -0.41805    -0.43704
> Generating candidate structures ... 
> Up to 34 new structures
> Increasing the molecular charge by 1
> Write protonate_0.xyz with 34 candidates ... 
> done.

 -------------------------------------
 Protomer Ensemble FF Pre-Optimization
 -------------------------------------
> LMO centers can be very close to atoms, leading to initial
  extremely high-energy candidates which may undergo unwanted
  chemical changes in optimizations. Classical force-fields
  with defined bond-topology can help circumvent this issue.
> Setting up force-field structure pre-optimization ...
 ----------------
 Calculation info
 ----------------
> User-defined calculation level:
 : GFN-FF calculation via GFNFF lib
 :   Molecular charge    : 1

 Optimization engine: ANCOPT
 Hessian update type: BFGS
 E/G convergence criteria:  0.500E-05 Eh, 0.100E-02 Eh/a0
 maximum optimization steps: 10000
> 34 structures to optimize ...
 |>2.9% |>11.8% |>20.6% |>32.4% |>41.2% |>50.0% |>61.8% |>70.6% |>82.4% |>91.2% |>100.0%
 done.
> 34 of 34 structures successfully optimized (100.0% success)
> Total runtime for 34 optimizations:
 * wall-time:     0 d,  0 h,  0 min,  0.558 sec
 *  cpu-time:     0 d,  0 h,  0 min, 11.050 sec
 * ratio c/w:    19.787 speedup
> Corresponding to approximately 0.016 sec per processed structure
> Write protonate_1.xyz with optimized structures ... 
> Sorting structures by energy to remove failed opts. ...
 input  file name : protonate_1.xyz
 output file name : protonate_1.xyz.sorted
 sorting energy window (EWIN)   : 1000.0000 / kcal*mol⁻¹
 reference state Etot           :  -1.0235634600000001     

=====================================================
============== ordered structure list ===============
=====================================================
 written to file <protonate_1.xyz.sorted>

 structure      ΔE(kcal/mol)                 Etot(Eh)
         1            0.0000            -1.0235634600
         2            0.4122            -1.0229066100
         3           12.9715            -1.0028919800
         4           32.0213            -0.9725342900
         5           37.6449            -0.9635725400
         6           37.6620            -0.9635453200
         7           37.7856            -0.9633482700
         8           37.8005            -0.9633245400
         9           37.9584            -0.9630729600
        10           38.7367            -0.9618326700
        11           38.7504            -0.9618108000
        12           41.3511            -0.9576662600
        13           59.2034            -0.9292168100
        14           59.5255            -0.9287035800
        15           70.9514            -0.9104951800
        16           73.7155            -0.9060903400
        17           73.9101            -0.9057802900
        18           76.3855            -0.9018354300
        19           81.3605            -0.8939072500
        20           89.1924            -0.8814263600
        21           93.0180            -0.8753299100
        22           97.9758            -0.8674290100
        23           97.9768            -0.8674275700
        24           98.7217            -0.8662404400
        25           98.7417            -0.8662085800
        26          106.2335            -0.8542696200
        27          106.5336            -0.8537913000
        28          107.2499            -0.8526498600
        29          108.1875            -0.8511557400
        30          108.6906            -0.8503539900
        31          117.2649            -0.8366900000
        32          118.6907            -0.8344177600
        33          173.9772            -0.7463130800
        34          174.7610            -0.7450640100

> Sorted file was renamed to protonate_1.xyz
> WARNING: These are force-field energies which are 
           NOT(!) accurate for bond formation and breaking!

 ------------------------------------------
 Protomer Ensemble Frozen-Atom Optimization
 ------------------------------------------
> Setting up frozen structure optimization ...
> 16 frozen atoms. All H non-frozen.
 ----------------
 Calculation info
 ----------------
> User-defined calculation level:
 : xTB calculation via tblite lib
 : GFN2-xTB level
 :   Molecular charge    : 1
 :   Fermi temperature   : 300.00000
 :   Accuracy            : 1.00000
 :   max SCC cycles      : 500

> 34 structures to optimize ...
 |>2.9% |>11.8% |>20.6% |>32.4% |>41.2% |>50.0% |>61.8% |>70.6% |>82.4% |>91.2% |>100.0%
 done.
> 34 of 34 structures successfully optimized (100.0% success)
> Total runtime for 34 optimizations:
 * wall-time:     0 d,  0 h,  0 min,  1.382 sec
 *  cpu-time:     0 d,  0 h,  0 min, 27.559 sec
 * ratio c/w:    19.940 speedup
> Corresponding to approximately 0.041 sec per processed structure
> Write protonate_2.xyz with optimized structures ... 
> Sorting structures by energy to remove failed opts. ...
 input  file name : protonate_2.xyz
 output file name : protonate_2.xyz.sorted
 sorting energy window (EWIN)   :   50.0000 / kcal*mol⁻¹
 number of removed by energy    :   1
 number of remaining points     :   33
 reference state Etot           :  -61.746933530000000     

=====================================================
============== ordered structure list ===============
=====================================================
 written to file <protonate_2.xyz.sorted>

 structure      ΔE(kcal/mol)                 Etot(Eh)
         1            0.0000           -61.7469335300
         2            7.8342           -61.7344489200
         3            9.9361           -61.7310993700
         4           11.3584           -61.7288326900
         5           12.8755           -61.7264151600
         6           13.5374           -61.7253603100
         7           13.9908           -61.7246378500
         8           14.5339           -61.7237722900
         9           14.6501           -61.7235871800
        10           16.4224           -61.7207627300
        11           16.4345           -61.7207434200
        12           18.9697           -61.7167034000
        13           19.3524           -61.7160935300
        14           20.4647           -61.7143209200
        15           20.5947           -61.7141137300
        16           20.7597           -61.7138508100
        17           21.6143           -61.7124889700
        18           22.1739           -61.7115971100
        19           22.3146           -61.7113729500
        20           22.3687           -61.7112866600
        21           22.6767           -61.7107959800
        22           22.9086           -61.7104263100
        23           24.6783           -61.7076060800
        24           25.5326           -61.7062447500
        25           25.6044           -61.7061304000
        26           25.6846           -61.7060024400
        27           25.8016           -61.7058161000
        28           25.8242           -61.7057800500
        29           25.8545           -61.7057317400
        30           25.8615           -61.7057206600
        31           27.2894           -61.7034451600
        32           28.3258           -61.7017934900
        33           32.9428           -61.6944359000

> Sorted file was renamed to protonate_2.xyz

 ------------------------------------
 Final Protomer Ensemble Optimization
 ------------------------------------
 ----------------
 Calculation info
 ----------------
> User-defined calculation level:
 : xTB calculation via tblite lib
 : GFN2-xTB level
 :   Molecular charge    : 1
 :   Fermi temperature   : 300.00000
 :   Accuracy            : 1.00000
 :   max SCC cycles      : 500

 Optimization engine: ANCOPT
 Hessian update type: BFGS
 E/G convergence criteria:  0.100E-06 Eh, 0.200E-03 Eh/a0
 maximum optimization steps: 200
> 33 structures to optimize ...
 |>3.0% |>12.1% |>21.2% |>30.3% |>42.4% |>51.5% |>60.6% |>72.7% |>81.8% |>90.9% |>100.0%
 done.
> 33 of 33 structures successfully optimized (100.0% success)
> Total runtime for 33 optimizations:
 * wall-time:     0 d,  0 h,  0 min,  9.148 sec
 *  cpu-time:     0 d,  0 h,  3 min,  2.552 sec
 * ratio c/w:    19.956 speedup
> Corresponding to approximately 0.277 sec per processed structure
> Write protonate_3.xyz with optimized structures ... 
> Sorting structures by energy ...
 input  file name : protonate_3.xyz
 output file name : protonate_3.xyz.sorted
 sorting energy window (EWIN)   :   30.0000 / kcal*mol⁻¹
 reference state Etot           :  -61.770028719999999     

=====================================================
============== ordered structure list ===============
=====================================================
 written to file <protonate_3.xyz.sorted>

 structure      ΔE(kcal/mol)                 Etot(Eh)
         1            0.0000           -61.7700287200
         2            0.0028           -61.7700242600
         3            0.8296           -61.7687066100
         4            0.8608           -61.7686569600
         5            0.8848           -61.7686186600
         6            0.8859           -61.7686169300
         7            0.8881           -61.7686134900
         8            1.0938           -61.7682856400
         9            1.0956           -61.7682827100
        10            1.1090           -61.7682613800
        11            1.1515           -61.7681937300
        12            2.5695           -61.7659338900
        13            3.9706           -61.7637011500
        14            4.4878           -61.7628769700
        15            4.4904           -61.7628728200
        16            4.4998           -61.7628577800
        17            5.0174           -61.7620329300
        18            6.5639           -61.7595685100
        19            6.7152           -61.7593273600
        20            7.9570           -61.7573483800
        21            8.2407           -61.7568963600
        22            8.5876           -61.7563435500
        23            8.5893           -61.7563407900
        24            8.7840           -61.7560305000
        25            8.8108           -61.7559877900
        26            8.8816           -61.7558750000
        27            8.8910           -61.7558600200
        28           11.9452           -61.7509927700
        29           12.1315           -61.7506958700
        30           12.1395           -61.7506832700
        31           12.5297           -61.7500613000
        32           13.9596           -61.7477827000
        33           13.9687           -61.7477681200

 ---------------------------------------------
 Remove duplicates via canonical atom identity
 ---------------------------------------------
> Setting up canonical atom order for 33 structures via CN-based molecular graphs ...
 |>3.0% |>12.1% |>21.2% |>30.3% |>42.4% |>51.5% |>60.6% |>72.7% |>81.8% |>90.9% |>100.0%
 done.
> 10 groups identified based on canonical atom identifier algorithm
> 8 structures discared due to fragment change (!=1)
 input  file name : unique.xyz
 output file name : unique.xyz.sorted
 sorting energy window (EWIN)   :   30.0000 / kcal*mol⁻¹
 reference state Etot           :  -61.770028719999999     

=====================================================
============== ordered structure list ===============
=====================================================
 written to file <unique.xyz.sorted>

 structure      ΔE(kcal/mol)                 Etot(Eh)
         1            0.0000           -61.7700287200
         2            0.8296           -61.7687066100
         3            0.8848           -61.7686186600
         4            1.0938           -61.7682856400
         5            6.7152           -61.7593273600
         6            8.5876           -61.7563435500
         7            8.7840           -61.7560305000
         8            8.8108           -61.7559877900
         9           12.1315           -61.7506958700

> Sorted file was renamed to protonated.xyz
> All other temporary protonate_*.xyz files are removed by default.

 -----------------
 Wall Time Summary
 -----------------
 CREST runtime (total)                   0 d,  0 h,  0 min, 11.686 sec
 ----------------------------------------------------------------------
 LMO center calculation         ...        0 min,  0.085 sec (  0.731%)
 Ensemble optimization (FF)     ...        0 min,  0.559 sec (  4.786%)
 Ensemble optimization (frozen) ...        0 min,  1.384 sec ( 11.841%)
 Ensemble refinement            ...        0 min,  0.013 sec (  0.115%)
 Ensemble optimization          ...        0 min,  9.149 sec ( 78.291%)
 I/O and setup                  ...        0 min,  0.495 sec (  4.236%)
 ----------------------------------------------------------------------
 * wall-time:     0 d,  0 h,  0 min, 11.686 sec
 *  cpu-time:     0 d,  0 h,  3 min, 42.305 sec
 * ratio c/w:    19.024 speedup
 ----------------------------------------------------------------------
 * Total number of energy+grad calls: 3698

 CREST terminated normally.
