
         _              _             _____   ____  
        / \     _   _  | |_    ___   |___ /  |  _ \ 
       / _ \   | | | | | __|  / _ \    |_ \  | | | |
      / ___ \  | |_| | | |_  | (_) |  ___) | | |_| |
     /_/   \_\  \__,_|  \__|  \___/  |____/  |____/  2.3.1
              // Generating low-energy 3D structures                                      
    
================================================================================
                               INPUT PARAMETERS
================================================================================
path: input.sdf
k: False
window: 10.0
verbose: False
job_name: 20241205-104239-257622
enumerate_tautomer: False
tauto_engine: rdkit
pKaNorm: True
isomer_engine: rdkit
enumerate_isomer: True
mode_oe: classic
mpi_np: 4
max_confs: None
use_gpu: True
capacity: 42
gpu_idx: 0
optimizing_engine: AIMNET
patience: 1000
opt_steps: 5000
convergence_threshold: 0.003
threshold: 0.3
memory: None
batchsize_atoms: 1024
input_format: sdf
================================================================================
                               RUNNING PROCESS
================================================================================
Checking input file...
	There are 1 conformers in the input file input.sdf. 
	All conformers and IDs are valid.
Suggestions for choosing isomer_engine and optimizing_engine: 
	Isomer engine options: RDKit and Omega.
	Optimizing engine options: ANI2x, ANI2xt, AIMNET or your own NNP.
The available memory is 12 GB.
The task will be divided into 1 jobs.
Job1, number of inputs: 1


Isomer generation for job1


Optimizing on job1
Energy unit: Hartree if implicit.
Program running time: 1 minute(s)
Output path: /home/carson/Liberty University Dropbox/Carson Farmer/research/Software/JobflowChemistry/launcher_2024-12-05-15-42-38-557760/input_20241205-104239-257622/input_out.sdf
