  17
 Etot=         -61.9053597766
 F         -0.8931037875       -1.8431285065        0.0428782270
 F         -0.4321443645       -0.4498212945        1.6588184112
 F          1.7068303797       -1.6512186982        0.7192962158
 F          1.2199312004       -1.1415735938       -1.3517866973
 F         -0.8599124343        1.6577059906        0.0670436683
 F         -1.0648244787        0.3682524671       -1.6839304114
 F          1.6317901431        1.4500563578       -0.8990057218
 F          3.2768913884        0.2685005480       -0.1473828171
 F          1.8544183311        1.1336770845        1.2367267608
 O         -3.0747575719        0.8380483235        1.0917948692
 O         -3.4302755500       -0.5078744699       -0.6833804650
 C         -0.3578998604       -0.6436629115        0.3305607608
 C          1.1452613715       -0.7229275511       -0.0779663937
 C         -1.2380028836        0.4392214680       -0.3569959359
 C          1.9951043753        0.5744535171        0.0354671933
 C         -2.7298389254        0.1869618697       -0.0178256603
 H         -4.0016951790        0.6486012253        1.2863839017
  17
 Etot=         -61.9065370302
 F         -0.8972976317       -1.8541887217        0.0681396853
 F         -0.4284543137       -0.4606300888        1.6660104379
 F          1.7171513027       -1.6590295729        0.7035285829
 F          1.2210389713       -1.1565756238       -1.3546405514
 F         -0.8379451436        1.6556627157        0.0593485852
 F         -1.0491108133        0.3789387499       -1.6894022750
 F          1.6217493275        1.4554056963       -0.8939340483
 F          3.2643301032        0.2896108019       -0.1396781299
 F          1.8372360564        1.1401582214        1.2325581824
 O         -3.0653220702        0.8294208084        1.0862449759
 O         -3.4356660153       -0.4967218860       -0.6881129766
 C         -0.3601758235       -0.6494360381        0.3355877355
 C          1.1408974691       -0.7305617821       -0.0832835568
 C         -1.2309675660        0.4388475284       -0.3605816592
 C          1.9793529710        0.5763990776        0.0363025645
 C         -2.7307730916        0.1904263178       -0.0225824072
 H         -3.9982715785        0.6575456223        1.2951907605
  17
 Etot=         -61.9070293252
 F         -0.9063729713       -1.8674178082        0.1011174608
 F         -0.4218607604       -0.4675099815        1.6713192702
 F          1.7322482949       -1.6670505711        0.6835212737
 F          1.2205704957       -1.1698257246       -1.3584947949
 F         -0.8154999162        1.6474577106        0.0576702958
 F         -1.0254646283        0.3869111862       -1.6909205590
 F          1.6082660096        1.4589490686       -0.8941958623
 F          3.2510581640        0.3147367684       -0.1268229104
 F          1.8055051941        1.1454825713        1.2263429902
 O         -3.0522397604        0.8178077186        1.0813747590
 O         -3.4419631270       -0.4785302222       -0.7040707269
 C         -0.3603066010       -0.6588370501        0.3404118434
 C          1.1376868705       -0.7380983882       -0.0897309201
 C         -1.2223644696        0.4334425302       -0.3615952165
 C          1.9609994217        0.5801436622        0.0351259357
 C         -2.7324471737        0.1950791731       -0.0302451485
 H         -3.9900428886        0.6725311829        1.3098882156
  17
 Etot=         -61.9071213311
 F         -0.9094614181       -1.8708863133        0.1138431170
 F         -0.4164621999       -0.4649812437        1.6732352138
 F          1.7381025371       -1.6687717656        0.6771417368
 F          1.2179323804       -1.1725214087       -1.3610584528
 F         -0.8119208425        1.6428021643        0.0627926681
 F         -1.0160396138        0.3881122017       -1.6891782444
 F          1.6039612096        1.4558320928       -0.9008134143
 F          3.2464490301        0.3215360613       -0.1180867799
 F          1.7862507093        1.1481813062        1.2223199609
 O         -3.0457567614        0.8103906926        1.0826331940
 O         -3.4430230886       -0.4656041501       -0.7181817520
 C         -0.3589612568       -0.6622246608        0.3428604441
 C          1.1369714338       -0.7408801156       -0.0924293854
 C         -1.2187309379        0.4299210801       -0.3604312746
 C          1.9539622191        0.5814356756        0.0333697337
 C         -2.7318548336        0.1960991203       -0.0339355193
 H         -3.9836464127        0.6768310891        1.3166146600
  17
 Etot=         -61.9072195459
 F         -0.9144860742       -1.8737972242        0.1354774522
 F         -0.4050417205       -0.4550641292        1.6771233308
 F          1.7463014369       -1.6714339511        0.6677618045
 F          1.2099587629       -1.1747639867       -1.3659996713
 F         -0.8102522546        1.6364103103        0.0743382760
 F         -1.0012916225        0.3890094037       -1.6847445053
 F          1.6017844866        1.4455516230       -0.9183024766
 F          3.2403806877        0.3287918476       -0.0985176611
 F          1.7510499577        1.1556608172        1.2127052571
 O         -3.0344741957        0.7923999021        1.0881902771
 O         -3.4442438325       -0.4383481728       -0.7478552831
 C         -0.3564674137       -0.6660303566        0.3481362858
 C          1.1356186868       -0.7455359837       -0.0965596679
 C         -1.2131683627        0.4249105009       -0.3577365695
 C          1.9437306139        0.5824459108        0.0295352975
 C         -2.7309599679        0.1991025012       -0.0424942529
 H         -3.9706670343        0.6759628140        1.3296380126
  17
 Etot=         -61.9072441696
 F         -0.9158108803       -1.8724676946        0.1419640206
 F         -0.4011669503       -0.4495426813        1.6791108579
 F          1.7467621304       -1.6726983715        0.6653586669
 F          1.2052732286       -1.1735597047       -1.3674184333
 F         -0.8118466842        1.6365603530        0.0775256829
 F         -0.9983478829        0.3888873066       -1.6830497841
 F          1.6058002136        1.4402672064       -0.9258653611
 F          3.2401128747        0.3277810830       -0.0909147769
 F          1.7432151583        1.1603433846        1.2078913598
 O         -3.0319147465        0.7824991583        1.0919192108
 O         -3.4449783882       -0.4273308162       -0.7582704030
 C         -0.3561349365       -0.6653179441        0.3507683035
 C          1.1348934306       -0.7463836053       -0.0970734489
 C         -1.2123464230        0.4248276492       -0.3568569873
 C          1.9428474724        0.5818653496        0.0281997320
 C         -2.7306227514        0.1992085625       -0.0450226934
 H         -3.9679627112        0.6703325909        1.3324299593
