
       ╔════════════════════════════════════════════╗
       ║            ___ ___ ___ ___ _____           ║
       ║           / __| _ \ __/ __|_   _|          ║
       ║          | (__|   / _|\__ \ | |            ║
       ║           \___|_|_\___|___/ |_|            ║
       ║                                            ║
       ║  Conformer-Rotamer Ensemble Sampling Tool  ║
       ║          based on the xTB methods          ║
       ║                                            ║
       ╚════════════════════════════════════════════╝
       Version 3.0.2, Thu, 29 August 14:20:46, 08/29/2024
       commit (65685a7) compiled by 'usr@d37571da525e'

   Cite work conducted with this code as

   • P.Pracht, F.Bohle, S.Grimme, PCCP, 2020, 22, 7169-7192.
   • S.Grimme, JCTC, 2019, 15, 2847-2862.
   • P.Pracht, S.Grimme, C.Bannwarth, F.Bohle, S.Ehlert,
     G.Feldmann, J.Gorges, M.Müller, T.Neudecker, C.Plett,
     S.Spicher, P.Steinbach, P.Wesołowski, F.Zeller,
     J. Chem. Phys., 2024, 160, 114110.

   for works involving QCG cite

   • S.Spicher, C.Plett, P.Pracht, A.Hansen, S.Grimme,
     JCTC, 2022, 18 (5), 3174-3189.
   • C.Plett, S. Grimme,
     Angew. Chem. Int. Ed. 2023, 62, e202214477.

   for works involving MECP screening cite

   • P.Pracht, C.Bannwarth, JCTC, 2022, 18 (10), 6370-6385.

   Original code
     P.Pracht, S.Grimme, Universität Bonn, MCTC
   with help from (alphabetical order):
     C.Bannwarth, F.Bohle, S.Ehlert, G.Feldmann, J.Gorges,
     S.Grimme, C.Plett, P.Pracht, S.Spicher, P.Steinbach,
     P.Wesolowski, F.Zeller

   Online documentation is available at
   https://crest-lab.github.io/crest-docs/

   This program is distributed in the hope that it will be useful,
   but WITHOUT ANY WARRANTY; without even the implied warranty of
   MERCHANTABILITY or FITNESS FOR A PARTICULAR PURPOSE. See the
   GNU Lesser General Public License (LGPL) for more details.

 Command line input:
 $ crest --input crest.toml

 reading crest.toml
********************************************************************************
* INPUT FILE crest.toml content (without comments):
********************************************************************************
* threads = 20
* runtype = "protonate"
* input = "input.xyz"
* [protonation]
* ion = "Na+"
* ewin = 10.0000000000
* ffopt = true
* finalopt = true
********************************************************************************
  -swel : using Na-atom with charge 1 instead of H⁺

> Setting up backup calculator ... done.
 ----------------
 Calculation info
 ----------------
> User-defined calculation level:
 : xTB calculation via tblite lib
 : GFN2-xTB level
 :   Molecular charge    : 0
 :   Fermi temperature   : 300.00000
 :   Accuracy            : 1.00000
 :   max SCC cycles      : 500


 -----------------------------
 Initial Geometry Optimization
 -----------------------------
 Geometry successfully optimized.

                  _                    _        
  _ __  _ __ ___ | |_ ___  _ __   __ _| |_ ___  
 | '_ \| '__/ _ \| __/ _ \| '_ \ / _` | __/ _ \ 
 | |_) | | | (_) | || (_) | | | | (_| | ||  __/ 
 | .__/|_|  \___/ \__\___/|_| |_|\__,_|\__\___| 
 |_|                                            
 -----------------------------------------------
   automated protonation site screening script  
        revised version (c) P.Pracht 2024       
 Cite as:
   P.Pracht, C.A.Bauer, S.Grimme
   JCC, 2017, 38, 2618–2631.

 =============================
  # threads =          20
 =============================

 Input structure:
  17

 F         -0.9179969393       -1.8681391639        0.1530410882
 F         -0.3957287730       -0.4384390105        1.6830508066
 F          1.7452812292       -1.6756916943        0.6617337181
 F          1.1965793748       -1.1702358072       -1.3690273482
 F         -0.8149692292        1.6394995207        0.0788403270
 F         -0.9952645498        0.3877280638       -1.6810103045
 F          1.6169180551        1.4304961852       -0.9385152708
 F          3.2416024984        0.3230393880       -0.0778916687
 F          1.7355936936        1.1702111800        1.1988368980
 O         -3.0288473443        0.7616703713        1.1003353302
 O         -3.4483667065       -0.4064004849       -0.7756294390
 C         -0.3561762600       -0.6617837415        0.3559931168
 C          1.1334870569       -0.7469497716       -0.0968083704
 C         -1.2121430113        0.4264320161       -0.3561996680
 C          1.9441672610        0.5801100853        0.0264564487
 C         -2.7310072285        0.2005063327       -0.0497459666
 H         -3.9653569730        0.6532183571        1.3372362084

--------------------------------------------------------------------------------

> Setting up GFN0-xTB for LMO center calculation ... done.
> Performing singlepoint calculation ... 
 dipole moment from electron density (au)
     X       Y       Z   
  -0.7556   0.6210   1.1162  total (Debye):    3.772
 doing rotations ...
 doing transformations ...
  LMO type  Fii/eV   ncent   charge center         contributions...
    1 sigma -459.84   1.75   3.26336   2.10979  -1.12080    7  F :  0.69   15  C :  0.32
    2 sigma -459.80   1.75   5.23659   0.76332  -0.07797    8  F :  0.69   15  C :  0.31
    3 sigma -459.62   1.75   3.40827   1.79446   1.47048    9  F :  0.69   15  C :  0.32
    4 sigma -458.24   1.76   2.20721  -1.90693  -1.71850    4  F :  0.68   13  C :  0.32
    5 sigma -458.22   1.75  -1.34518  -2.70403   0.40834    1  F :  0.69   12  C :  0.31
    6 sigma -457.89   1.76  -2.04111   0.74285  -2.26649    6  F :  0.68   14  C :  0.32
    7 sigma -457.42   1.76  -0.71125  -0.96442   2.26759    2  F :  0.68   12  C :  0.32
    8 sigma -457.33   1.76  -1.82295   2.26166  -0.13340    5  F :  0.68   14  C :  0.32
    9 sigma -457.32   1.76   2.87108  -2.52359   0.74653    3  F :  0.69   13  C :  0.31
   10 sigma -454.43   1.98  -6.76890   1.31278   2.33619   10  O :  0.55   17  H :  0.44
   11 pi    -411.93   1.84  -5.92996  -0.75541  -0.77526   11  O :  0.65   16  C :  0.35
   12 pi    -411.74   1.84  -6.14464   0.01575  -1.21135   11  O :  0.65   16  C :  0.34
   13 pi    -394.44   1.67  -5.66370   1.48391   1.27024   10  O :  0.72   16  C :  0.27
   14 pi    -393.21   1.64  -5.48197   0.79086   1.67558   10  O :  0.73   16  C :  0.26
   15 LP    -392.93   0.99  -1.28330   2.06377  -3.54974    6  F :  1.01
   16 sigma -391.53   2.02  -1.49785  -0.22136  -0.01437   14  C :  0.50   12  C :  0.50
   17 sigma -390.92   2.00   0.73022  -1.28007   0.22530   13  C :  0.50   12  C :  0.50
   18 sigma -390.91   1.99   2.86602  -0.16325  -0.05866   13  C :  0.51   15  C :  0.50
   19 sigma -389.66   2.01  -3.69487   0.60075  -0.38471   14  C :  0.52   16  C :  0.48
   20 LP    -389.34   1.00  -0.91315  -0.38616  -3.49107    6  F :  1.00
   21 LP    -388.13   1.01   0.86092  -2.39376  -3.13560    4  F :  0.99
   22 LP    -387.82   1.01  -2.70687   3.82552   0.78994    5  F :  0.99
   23 LP    -387.46   1.02   6.36411  -0.86665  -0.34703    8  F :  0.99
   24 LP    -387.31   1.02   4.61078   2.32608   2.95745    9  F :  0.99
   25 LP    -387.29   1.02  -2.93537  -3.38469  -0.62212    1  F :  0.99
   26 LP    -387.15   1.02   2.31544  -3.74597   2.24781    3  F :  0.99
   27 LP    -387.10   1.02   3.02205  -1.20108  -3.41916    4  F :  0.99
   28 LP    -387.09   1.02   6.64543   1.38675  -1.32480    8  F :  0.99
   29 LP    -387.01   1.02   4.46641  -2.53187   1.97539    3  F :  0.99
   30 LP    -386.75   1.02   0.65244  -0.58641   3.70315    2  F :  0.99
   31 LP    -386.67   1.02  -3.19108   0.51829  -3.90758    6  F :  0.99
   32 LP    -386.67   1.02   2.31950   1.40340   3.10640    9  F :  0.99
   33 LP    -386.61   1.03   2.56319   3.96452  -1.12148    7  F :  0.99
   34 LP    -386.60   1.03  -1.33854  -2.06644   3.80542    2  F :  0.99
   35 LP    -386.57   1.02  -0.72027  -4.47444  -0.32522    1  F :  0.99
   36 LP    -386.51   1.02   1.98132   2.11772  -2.65864    7  F :  0.99
   37 LP    -386.34   1.02  -0.41669   2.92532   1.14976    5  F :  0.99
   38 LP    -386.33   1.02  -1.62844   0.37050   3.46185    2  F :  0.99
   39 LP    -386.21   1.03   6.78151   1.07702   1.12213    8  F :  0.99
   40 LP    -386.17   1.03  -2.16428  -4.03053   1.64179    1  F :  0.99
   41 LP    -386.15   1.03   3.78241  -4.24064   0.31132    3  F :  0.99
   42 LP    -386.14   1.03  -1.05137   3.85506  -1.06095    5  F :  0.99
   43 LP    -386.07   1.03   2.71150   3.57519   1.99200    9  F :  0.99
   44 LP    -386.07   1.03   4.29980   2.97539  -2.57267    7  F :  0.99
   45 LP    -386.01   1.03   2.99027  -3.52875  -2.56637    4  F :  0.99
   46 LP    -385.66   1.02  -4.65285   2.23165   2.95475   10  O :  0.99
   47 LP    -382.13   1.06  -5.88595  -1.28413  -2.69691   11  O :  0.97
   48 LP    -376.41   1.08  -7.87478  -0.78936  -0.82531   11  O :  0.96
 starting deloc pi regularization ...
 ncent threshold   2.20 --> # pi deloc LMO 3
> done.
> Total wall time for calculations
 * wall-time:     0 d,  0 h,  0 min,  0.077 sec
 *  cpu-time:     0 d,  0 h,  0 min,  0.088 sec
 * ratio c/w:     1.141 speedup
--------------------------------------------------------------------------------

> 34 π- or LP-centers identified as protonation candidates:
   LMO type     center(xyz/Ang)
     1 π        -3.13800    -0.39974    -0.41025
     2 π        -3.25160     0.00833    -0.64102
     3 π        -2.99710     0.78525     0.67218
     4 π        -2.90093     0.41850     0.88668
     5 LP       -0.67909     1.09210    -1.87844
     6 LP       -0.48322    -0.20435    -1.84740
     7 LP        0.45558    -1.26673    -1.65929
     8 LP       -1.43242     2.02438     0.41802
     9 LP        3.36774    -0.45861    -0.18364
    10 LP        2.43992     1.23091     1.56501
    11 LP       -1.55333    -1.79110    -0.32921
    12 LP        1.22528    -1.98228     1.18949
    13 LP        1.59920    -0.63558    -1.80934
    14 LP        3.51661     0.73384    -0.70106
    15 LP        2.36352    -1.33981     1.04533
    16 LP        0.34526    -0.31031     1.95962
    17 LP       -1.68865     0.27427    -2.06780
    18 LP        1.22743     0.74265     1.64384
    19 LP        1.35638     2.09793    -0.59346
    20 LP       -0.70832    -1.09351     2.01374
    21 LP       -0.38115    -2.36777    -0.17210
    22 LP        1.04847     1.12065    -1.40689
    23 LP       -0.22050     1.54801     0.60842
    24 LP       -0.86173     0.19606     1.83193
    25 LP        3.58862     0.56993     0.59380
    26 LP       -1.14529    -2.13286     0.86880
    27 LP        2.00156    -2.24405     0.16474
    28 LP       -0.55636     2.04001    -0.56143
    29 LP        1.43486     1.89191     1.05412
    30 LP        2.27536     1.57451    -1.36140
    31 LP        1.58238    -1.86734    -1.35806
    32 LP       -2.46218     1.18094     1.56359
    33 LP       -3.11471    -0.67953    -1.42714
    34 LP       -4.16715    -0.41771    -0.43673
> Generating candidate structures ... 
> Up to 34 new structures
> Increasing the molecular charge by 1
> Write protonate_0.xyz with 34 candidates ... 
> done.

 -------------------------------------
 Protomer Ensemble FF Pre-Optimization
 -------------------------------------
> LMO centers can be very close to atoms, leading to initial
  extremely high-energy candidates which may undergo unwanted
  chemical changes in optimizations. Classical force-fields
  with defined bond-topology can help circumvent this issue.
> Setting up force-field structure pre-optimization ...
 ----------------
 Calculation info
 ----------------
> User-defined calculation level:
 : GFN-FF calculation via GFNFF lib
 :   Molecular charge    : 1

 Optimization engine: ANCOPT
 Hessian update type: BFGS
 E/G convergence criteria:  0.500E-05 Eh, 0.100E-02 Eh/a0
 maximum optimization steps: 10000
> 34 structures to optimize ...
 |>2.9% |>11.8% |>20.6% |>32.4% |>41.2% |>50.0% |>61.8% |>70.6% |>82.4% |>91.2% |>100.0%
 done.
> 34 of 34 structures successfully optimized (100.0% success)
> Total runtime for 34 optimizations:
 * wall-time:     0 d,  0 h,  0 min,  0.618 sec
 *  cpu-time:     0 d,  0 h,  0 min, 12.245 sec
 * ratio c/w:    19.809 speedup
> Corresponding to approximately 0.018 sec per processed structure
> Write protonate_1.xyz with optimized structures ... 
> Sorting structures by energy to remove failed opts. ...
 input  file name : protonate_1.xyz
 output file name : protonate_1.xyz.sorted
 sorting energy window (EWIN)   : 1000.0000 / kcal*mol⁻¹
 reference state Etot           :  -1.0235632500000000     

=====================================================
============== ordered structure list ===============
=====================================================
 written to file <protonate_1.xyz.sorted>

 structure      ΔE(kcal/mol)                 Etot(Eh)
         1            0.0000            -1.0235632500
         2            0.4120            -1.0229066300
         3           12.9719            -1.0028911400
         4           32.0211            -0.9725343400
         5           37.2287            -0.9642355300
         6           37.6736            -0.9635264800
         7           37.7856            -0.9633481200
         8           37.8005            -0.9633243800
         9           37.9485            -0.9630885400
        10           38.7419            -0.9618241100
        11           38.7503            -0.9618106400
        12           41.3517            -0.9576651700
        13           59.2033            -0.9292168500
        14           59.5253            -0.9287035800
        15           70.9513            -0.9104951800
        16           73.7154            -0.9060903200
        17           73.9100            -0.9057801500
        18           76.3853            -0.9018354500
        19           81.3603            -0.8939072900
        20           89.1923            -0.8814262200
        21           93.0132            -0.8753373500
        22           97.9745            -0.8674309100
        23           97.9759            -0.8674287900
        24           98.7211            -0.8662410900
        25           98.7215            -0.8662404700
        26          106.2451            -0.8542509200
        27          106.5320            -0.8537937600
        28          107.2492            -0.8526507000
        29          108.1874            -0.8511557200
        30          108.6903            -0.8503542500
        31          116.2469            -0.8383119600
        32          118.7525            -0.8343190600
        33          173.9772            -0.7463130100
        34          174.7598            -0.7450657200

> Sorted file was renamed to protonate_1.xyz
> WARNING: These are force-field energies which are 
           NOT(!) accurate for bond formation and breaking!

 ------------------------------------------
 Protomer Ensemble Frozen-Atom Optimization
 ------------------------------------------
> Setting up frozen structure optimization ...
> 16 frozen atoms. All H non-frozen.
 ----------------
 Calculation info
 ----------------
> User-defined calculation level:
 : xTB calculation via tblite lib
 : GFN2-xTB level
 :   Molecular charge    : 1
 :   Fermi temperature   : 300.00000
 :   Accuracy            : 1.00000
 :   max SCC cycles      : 500

> 34 structures to optimize ...
 |>2.9% |>11.8% |>20.6% |>32.4% |>41.2% |>50.0% |>61.8% |>70.6% |>82.4% |>91.2% |>100.0%
 done.
> 34 of 34 structures successfully optimized (100.0% success)
> Total runtime for 34 optimizations:
 * wall-time:     0 d,  0 h,  0 min,  1.670 sec
 *  cpu-time:     0 d,  0 h,  0 min, 32.863 sec
 * ratio c/w:    19.678 speedup
> Corresponding to approximately 0.049 sec per processed structure
> Write protonate_2.xyz with optimized structures ... 
> Sorting structures by energy to remove failed opts. ...
 input  file name : protonate_2.xyz
 output file name : protonate_2.xyz.sorted
 sorting energy window (EWIN)   :   50.0000 / kcal*mol⁻¹
 number of removed by energy    :   1
 number of remaining points     :   33
 reference state Etot           :  -61.746903310000000     

=====================================================
============== ordered structure list ===============
=====================================================
 written to file <protonate_2.xyz.sorted>

 structure      ΔE(kcal/mol)                 Etot(Eh)
         1            0.0000           -61.7469033100
         2            7.7915           -61.7344867700
         3            9.9146           -61.7311033100
         4           11.3577           -61.7288036700
         5           13.0403           -61.7261222400
         6           13.5139           -61.7253675900
         7           14.0320           -61.7245418500
         8           14.5335           -61.7237427000
         9           14.5627           -61.7236962300
        10           16.2642           -61.7209847000
        11           16.4132           -61.7207472700
        12           18.9351           -61.7167282400
        13           19.3340           -61.7160925700
        14           20.4452           -61.7143218700
        15           20.7401           -61.7138518000
        16           20.8590           -61.7136623400
        17           21.3428           -61.7128913400
        18           21.5945           -61.7124902600
        19           22.1687           -61.7115752200
        20           22.2157           -61.7115003000
        21           22.3569           -61.7112752500
        22           22.6592           -61.7107936200
        23           24.6592           -61.7076063000
        24           25.0535           -61.7069780300
        25           25.5132           -61.7062455000
        26           25.5847           -61.7061314400
        27           25.6048           -61.7060995200
        28           25.7225           -61.7059118500
        29           25.8040           -61.7057820600
        30           25.9061           -61.7056192500
        31           27.3062           -61.7033881900
        32           28.3156           -61.7017795000
        33           32.8943           -61.6944828800

> Sorted file was renamed to protonate_2.xyz

 ------------------------------------
 Final Protomer Ensemble Optimization
 ------------------------------------
 ----------------
 Calculation info
 ----------------
> User-defined calculation level:
 : xTB calculation via tblite lib
 : GFN2-xTB level
 :   Molecular charge    : 1
 :   Fermi temperature   : 300.00000
 :   Accuracy            : 1.00000
 :   max SCC cycles      : 500

 Optimization engine: ANCOPT
 Hessian update type: BFGS
 E/G convergence criteria:  0.100E-06 Eh, 0.200E-03 Eh/a0
 maximum optimization steps: 200
> 33 structures to optimize ...
 |>3.0% |>12.1% |>21.2% |>30.3% |>42.4% |>51.5% |>60.6% |>72.7% |>81.8% |>90.9% |>100.0%
 done.
> 33 of 33 structures successfully optimized (100.0% success)
> Total runtime for 33 optimizations:
 * wall-time:     0 d,  0 h,  0 min,  6.714 sec
 *  cpu-time:     0 d,  0 h,  2 min, 13.275 sec
 * ratio c/w:    19.851 speedup
> Corresponding to approximately 0.203 sec per processed structure
> Write protonate_3.xyz with optimized structures ... 
> Sorting structures by energy ...
 input  file name : protonate_3.xyz
 output file name : protonate_3.xyz.sorted
 sorting energy window (EWIN)   :   30.0000 / kcal*mol⁻¹
 reference state Etot           :  -61.770693039999998     

=====================================================
============== ordered structure list ===============
=====================================================
 written to file <protonate_3.xyz.sorted>

 structure      ΔE(kcal/mol)                 Etot(Eh)
         1            0.0000           -61.7706930400
         2            0.4161           -61.7700300200
         3            0.4176           -61.7700276300
         4            1.2442           -61.7687102500
         5            1.2465           -61.7687065700
         6            1.2550           -61.7686930400
         7            1.2768           -61.7686583100
         8            1.3017           -61.7686186600
         9            1.3033           -61.7686160800
        10            1.5096           -61.7682873200
        11            1.5107           -61.7682855900
        12            2.9867           -61.7659334600
        13            4.3871           -61.7637017400
        14            4.9086           -61.7628706900
        15            4.9159           -61.7628590900
        16            4.9168           -61.7628576500
        17            5.2967           -61.7622521500
        18            6.9730           -61.7595809200
        19            7.1291           -61.7593320400
        20            8.6575           -61.7568964000
        21            9.0045           -61.7563434800
        22            9.0062           -61.7563408000
        23            9.2008           -61.7560306600
        24            9.2277           -61.7559877900
        25            9.2985           -61.7558748600
        26            9.3013           -61.7558704200
        27           10.3618           -61.7541805400
        28           12.3621           -61.7509927700
        29           12.5485           -61.7506958100
        30           12.5563           -61.7506832600
        31           12.9466           -61.7500612600
        32           14.3762           -61.7477831700
        33           14.3949           -61.7477533600

 ---------------------------------------------
 Remove duplicates via canonical atom identity
 ---------------------------------------------
> Setting up canonical atom order for 33 structures via CN-based molecular graphs ...
 |>3.0% |>12.1% |>21.2% |>30.3% |>42.4% |>51.5% |>60.6% |>72.7% |>81.8% |>90.9% |>100.0%
 done.
> 10 groups identified based on canonical atom identifier algorithm
> 7 structures discared due to fragment change (!=1)
 input  file name : unique.xyz
 output file name : unique.xyz.sorted
 sorting energy window (EWIN)   :   30.0000 / kcal*mol⁻¹
 reference state Etot           :  -61.770693039999998     

=====================================================
============== ordered structure list ===============
=====================================================
 written to file <unique.xyz.sorted>

 structure      ΔE(kcal/mol)                 Etot(Eh)
         1            0.0000           -61.7706930400
         2            1.2442           -61.7687102500
         3            1.3017           -61.7686186600
         4            1.5096           -61.7682873200
         5            7.1291           -61.7593320400
         6            9.0045           -61.7563434800
         7            9.2008           -61.7560306600
         8            9.2277           -61.7559877900
         9           12.5485           -61.7506958100

> Sorted file was renamed to protonated.xyz
> All other temporary protonate_*.xyz files are removed by default.

 -----------------
 Wall Time Summary
 -----------------
 CREST runtime (total)                   0 d,  0 h,  0 min,  9.598 sec
 ----------------------------------------------------------------------
 LMO center calculation         ...        0 min,  0.077 sec (  0.807%)
 Ensemble optimization (FF)     ...        0 min,  0.619 sec (  6.449%)
 Ensemble optimization (frozen) ...        0 min,  1.671 sec ( 17.412%)
 Ensemble refinement            ...        0 min,  0.015 sec (  0.156%)
 Ensemble optimization          ...        0 min,  6.715 sec ( 69.960%)
 I/O and setup                  ...        0 min,  0.501 sec (  5.217%)
 ----------------------------------------------------------------------
 * wall-time:     0 d,  0 h,  0 min,  9.598 sec
 *  cpu-time:     0 d,  0 h,  2 min, 59.531 sec
 * ratio c/w:    18.705 speedup
 ----------------------------------------------------------------------
 * Total number of energy+grad calls: 3676

 CREST terminated normally.
