  17
 Etot=         -61.9053539437
 F         -0.8930209886       -1.8429496915        0.0425064482
 F         -0.4322216454       -0.4500015444        1.6587221605
 F          1.7067782768       -1.6512636360        0.7196241860
 F          1.2197166356       -1.1420290521       -1.3516782026
 F         -0.8601457863        1.6579495840        0.0681873630
 F         -1.0643932875        0.3697729125       -1.6837867572
 F          1.6320356346        1.4495619555       -0.8998039792
 F          3.2771129026        0.2684929545       -0.1465183683
 F          1.8537224425        1.1341220310        1.2363074955
 O         -3.0756854435        0.8386803477        1.0906578259
 O         -3.4293360500       -0.5096979702       -0.6831245746
 C         -0.3577775457       -0.6435583628        0.3304450925
 C          1.1453813605       -0.7230725184       -0.0779183965
 C         -1.2379038030        0.4395215380       -0.3567192038
 C          1.9951619242        0.5743828432        0.0353164109
 C         -2.7297190894        0.1864686489       -0.0180117675
 H         -4.0025539998        0.6484236463        1.2848790315
  17
 Etot=         -61.9065345241
 F         -0.8972422509       -1.8541196840        0.0677925253
 F         -0.4285653527       -0.4608982584        1.6659772280
 F          1.7171536286       -1.6590056699        0.7037587552
 F          1.2209738560       -1.1569030309       -1.3545439203
 F         -0.8381145490        1.6557570816        0.0604255729
 F         -1.0486222381        0.3801790223       -1.6891839965
 F          1.6219790341        1.4549687450       -0.8945906081
 F          3.2644662564        0.2896734789       -0.1389698425
 F          1.8365914786        1.1405882965        1.2321684354
 O         -3.0662636969        0.8300884268        1.0851046415
 O         -3.4347226102       -0.4984172167       -0.6878778922
 C         -0.3601132999       -0.6494296206        0.3355241361
 C          1.1409666172       -0.7306552810       -0.0832479851
 C         -1.2308569217        0.4390701684       -0.3603171964
 C          1.9793645850        0.5763534617        0.0361833579
 C         -2.7306763000        0.1900655810       -0.0228282515
 H         -3.9991666988        0.6574881856        1.2937098048
  17
 Etot=         -61.9070279426
 F         -0.9062981641       -1.8674999500        0.1007946029
 F         -0.4219365751       -0.4679137258        1.6713445896
 F          1.7323560347       -1.6669958130        0.6836403706
 F          1.2206621917       -1.1699795448       -1.3584082354
 F         -0.8155700499        1.6473720795        0.0586270231
 F         -1.0249734800        0.3877382125       -1.6906364762
 F          1.6083842803        1.4586674370       -0.8946189222
 F          3.2510459031        0.3148990915       -0.1263457073
 F          1.8049474759        1.1458647545        1.2260612441
 O         -3.0531495659        0.8185233647        1.0802472965
 O         -3.4411172290       -0.4800382225       -0.7039391104
 C         -0.3602751246       -0.6589660035        0.3403948347
 C          1.1377392905       -0.7381454131       -0.0896879618
 C         -1.2222383351        0.4335453435       -0.3613463662
 C          1.9609216491        0.5801765631        0.0350709146
 C         -2.7323474947        0.1947236907       -0.0304771887
 H         -3.9909992692        0.6728318220        1.3083638565
  17
 Etot=         -61.9071199442
 F         -0.9093657776       -1.8710159009        0.1135267697
 F         -0.4165311838       -0.4654169609        1.6732657569
 F          1.7382498572       -1.6687140925        0.6772425131
 F          1.2180718009       -1.1726044270       -1.3609760332
 F         -0.8119683881        1.6426650405        0.0636093105
 F         -1.0155940090        0.3887265218       -1.6889205912
 F          1.6039920892        1.4556439719       -0.9010865198
 F          3.2463999590        0.3217402722       -0.1177039986
 F          1.7857718345        1.1484933378        1.2221419870
 O         -3.0466309606        0.8111543924        1.0815127391
 O         -3.4422444593       -0.4670598017       -0.7180741183
 C         -0.3589275011       -0.6623953236        0.3428479821
 C          1.1370350296       -0.7409149787       -0.0923726310
 C         -1.2186160725        0.4299634249       -0.3602203306
 C          1.9538634929        0.5815008567        0.0333678364
 C         -2.7317902019        0.1958202061       -0.0342178102
 H         -3.9845639716        0.6772171472        1.3151419025
  17
 Etot=         -61.9072179797
 F         -0.9143260395       -1.8740083079        0.1351377169
 F         -0.4051299153       -0.4555539869        1.6771391886
 F          1.7464825591       -1.6713519081        0.6678600389
 F          1.2101780256       -1.1747211494       -1.3659255593
 F         -0.8103046717        1.6362027091        0.0748678142
 F         -1.0009917007        0.3892598542       -1.6845852881
 F          1.6016661387        1.4455650138       -0.9182704006
 F          3.2403094588        0.3290663088       -0.0983110842
 F          1.7507863273        1.1558168633        1.2127456812
 O         -3.0352540708        0.7932201282        1.0871197509
 O         -3.4436295121       -0.4397016297       -0.7477786327
 C         -0.3564296305       -0.6662614748        0.3481089661
 C          1.1357066155       -0.7455329391       -0.0964794941
 C         -1.2130941059        0.4248339787       -0.3576122211
 C          1.9436314120        0.5825663613        0.0296377518
 C         -2.7309152406        0.1987891058       -0.0427520671
 H         -3.9715341123        0.6766147589        1.3281826032
  17
 Etot=         -61.9072425987
 F         -0.9156428727       -1.8726881278        0.1416478936
 F         -0.4012743182       -0.4499926641        1.6790983758
 F          1.7469425330       -1.6726241954        0.6654393100
 F          1.2055146914       -1.1734942903       -1.3673595255
 F         -0.8119049946        1.6363527905        0.0779005378
 F         -0.9980845258        0.3890304994       -1.6829627655
 F          1.6056588220        1.4403394154       -0.9257389344
 F          3.2400453863        0.3280768798       -0.0906827261
 F          1.7429529396        1.1604340460        1.2080163606
 O         -3.0326293029        0.7833171335        1.0908726815
 O         -3.4444177207       -0.4286703704       -0.7581823452
 C         -0.3560963528       -0.6655432287        0.3507176804
 C          1.1349855309       -0.7463776526       -0.0970009921
 C         -1.2122921660        0.4247158917       -0.3567934763
 C          1.9427423261        0.5819914278        0.0283482573
 C         -2.7306131739        0.1989477041       -0.0453259872
 H         -3.9687352642        0.6709884273        1.3310904198
