  17
 Etot=         -61.9053540833
 F         -0.8932128968       -1.8430115496        0.0422948321
 F         -0.4322884220       -0.4503754129        1.6586710969
 F          1.7066962088       -1.6513783282        0.7193410228
 F          1.2197706430       -1.1416396831       -1.3518568201
 F         -0.8599960669        1.6577580081        0.0682074634
 F         -1.0644086909        0.3697197399       -1.6836625416
 F          1.6321000453        1.4498665556       -0.8994321617
 F          3.2771080237        0.2683159337       -0.1467116343
 F          1.8540504191        1.1338829516        1.2365533829
 O         -3.0754430912        0.8383410822        1.0911182323
 O         -3.4297483213       -0.5088465182       -0.6834264136
 C         -0.3578499937       -0.6437076068        0.3303745367
 C          1.1453509071       -0.7229905969       -0.0780121932
 C         -1.2379266825        0.4394421815       -0.3566649672
 C          1.9952342666        0.5744329503        0.0354170890
 C         -2.7298275799        0.1867047402       -0.0179994406
 H         -4.0023581913        0.6483814127        1.2852624591
  17
 Etot=         -61.9065351488
 F         -0.8973319044       -1.8541537463        0.0675553752
 F         -0.4285905512       -0.4612016150        1.6659209055
 F          1.7170998917       -1.6591392268        0.7034844382
 F          1.2209914922       -1.1566099609       -1.3547339465
 F         -0.8380205761        1.6556965741        0.0604694846
 F         -1.0486802672        0.3802203598       -1.6891338390
 F          1.6219943021        1.4551852635       -0.8942262945
 F          3.2644401324        0.2895108412       -0.1391065716
 F          1.8368438228        1.1403117388        1.2324218829
 O         -3.0660066643        0.8297443953        1.0855624787
 O         -3.4350650310       -0.4975951262       -0.6881675752
 C         -0.3601734258       -0.6495119523        0.3354408579
 C          1.1409215876       -0.7306361860       -0.0833531120
 C         -1.2308723720        0.4390763778       -0.3602889064
 C          1.9793905584        0.5763365806        0.0363003723
 C         -2.7307261934        0.1902504125       -0.0227717688
 H         -3.9989642246        0.6574111303        1.2941001620
  17
 Etot=         -61.9070281912
 F         -0.9063663976       -1.8674614974        0.1005046252
 F         -0.4219659484       -0.4681035197        1.6712613364
 F          1.7322656863       -1.6671504595        0.6833970991
 F          1.2206247742       -1.1697726423       -1.3585907079
 F         -0.8155182416        1.6474325047        0.0586861158
 F         -1.0250665221        0.3878646400       -1.6906482808
 F          1.6084142200        1.4588045657       -0.8942830920
 F          3.2510544965        0.3147378881       -0.1264111312
 F          1.8051465787        1.1455409713        1.2263114951
 O         -3.0529030453        0.8181880746        1.0806877105
 O         -3.4413660633       -0.4793122329       -0.7041632530
 C         -0.3603226402       -0.6589719259        0.3402858509
 C          1.1376906228       -0.7381595768       -0.0897939919
 C         -1.2222581407        0.4336398824       -0.3613436831
 C          1.9609554609        0.5800915668        0.0351897021
 C         -2.7323779502        0.1949538123       -0.0304435252
 H         -3.9907563130        0.6725738088        1.3088276732
  17
 Etot=         -61.9071203780
 F         -0.9094553144       -1.8709700272        0.1132568119
 F         -0.4165563354       -0.4655913912        1.6731821649
 F          1.7381522071       -1.6688801527        0.6769853261
 F          1.2180129780       -1.1724306371       -1.3611609986
 F         -0.8119003422        1.6427313503        0.0637067381
 F         -1.0156597559        0.3889108326       -1.6889282618
 F          1.6040253914        1.4557645072       -0.9007882035
 F          3.2464104463        0.3216027409       -0.1177355685
 F          1.7859120471        1.1481754423        1.2223666334
 O         -3.0463800897        0.8107937792        1.0819471433
 O         -3.4424701522       -0.4663294585       -0.7183088109
 C         -0.3589703027       -0.6623972816        0.3427389892
 C          1.1369850147       -0.7409350840       -0.0924897537
 C         -1.2186224250        0.4300710163       -0.3602088437
 C          1.9538892570        0.5814099978        0.0334694608
 C         -2.7317935058        0.1959999399       -0.0341519070
 H         -3.9843285414        0.6769702861        1.3155930231
  17
 Etot=         -61.9072183874
 F         -0.9144515010       -1.8739274292        0.1348610868
 F         -0.4051714494       -0.4557116109        1.6770483480
 F          1.7463571349       -1.6715382023        0.6676033882
 F          1.2101028482       -1.1745874233       -1.3661041664
 F         -0.8102176431        1.6362938955        0.0749897330
 F         -1.0010295180        0.3895351483       -1.6845794352
 F          1.6017266522        1.4456663827       -0.9180110746
 F          3.2403340151        0.3289212382       -0.0983168751
 F          1.7508989890        1.1554988427        1.2129458325
 O         -3.0350432573        0.7928827779        1.0875121015
 O         -3.4437924366       -0.4390598031       -0.7479415341
 C         -0.3564716496       -0.6662380183        0.3479913712
 C          1.1356588094       -0.7455571274       -0.0966025565
 C         -1.2130941868        0.4249817726       -0.3575913144
 C          1.9436711919        0.5824608884        0.0297200063
 C         -2.7309209535        0.1990043555       -0.0427010869
 H         -3.9713064682        0.6762701728        1.3286501186
  17
 Etot=         -61.9072430487
 F         -0.9157706462       -1.8726108086        0.1413748531
 F         -0.4013024963       -0.4501597545        1.6790173827
 F          1.7468189983       -1.6728032015        0.6651867561
 F          1.2054287663       -1.1733605450       -1.3675389311
 F         -0.8118249261        1.6364321066        0.0780797539
 F         -0.9981111858        0.3893384740       -1.6829315771
 F          1.6057259418        1.4404233512       -0.9255197254
 F          3.2400685876        0.3279246735       -0.0906866056
 F          1.7430505126        1.1601412682        1.2081895439
 O         -3.0324248265        0.7829636105        1.0912662104
 O         -3.4445762168       -0.4280042796       -0.7583769569
 C         -0.3561379399       -0.6655273399        0.3506087443
 C          1.1349363276       -0.7464011240       -0.0971255908
 C         -1.2122839233        0.4248638203       -0.3567513623
 C          1.9427831910        0.5818889602        0.0284136578
 C         -2.7305989961        0.1991137109       -0.0452450847
 H         -3.9685305910        0.6706729378        1.3315128746
