  17
 Etot=         -61.9053536425
 F         -0.8930762806       -1.8429588572        0.0424319241
 F         -0.4322472977       -0.4501106712        1.6587063543
 F          1.7067463561       -1.6512983178        0.7195633804
 F          1.2197240503       -1.1419414498       -1.3517184230
 F         -0.8601177069        1.6579110099        0.0682566791
 F         -1.0643732938        0.3698367056       -1.6837504474
 F          1.6320810438        1.4496158106       -0.8997486999
 F          3.2771256147        0.2684300789       -0.1465243737
 F          1.8537846339        1.1340855803        1.2363519637
 O         -3.0756709852        0.8386241507        1.0907230995
 O         -3.4294044266       -0.5095605332       -0.6831958519
 C         -0.3577969814       -0.6435950841        0.3304219678
 C          1.1453763088       -0.7230547740       -0.0779382294
 C         -1.2379075706        0.4395159925       -0.3566913032
 C          1.9951899289        0.5743912145        0.0353375425
 C         -2.7297466126        0.1865126631       -0.0180243010
 H         -4.0025534360        0.6484159816        1.2849002851
  17
 Etot=         -61.9065345515
 F         -0.8972675129       -1.8541248915        0.0677127629
 F         -0.4285795356       -0.4609913823        1.6659614626
 F          1.7171340702       -1.6590432436        0.7036964007
 F          1.2209766259       -1.1568382736       -1.3545890414
 F         -0.8380979217        1.6557460444        0.0604960614
 F         -1.0486113908        0.3802550093       -1.6891604366
 F          1.6220046746        1.4550009526       -0.8945283169
 F          3.2644669836        0.2896207503       -0.1389678231
 F          1.8366319916        1.1405385506        1.2322165560
 O         -3.0662455454        0.8300332850        1.0851674704
 O         -3.4347707639       -0.4982769452       -0.6879478789
 C         -0.3601298114       -0.6494512083        0.3354992789
 C          1.1409558224       -0.7306548004       -0.0832725396
 C         -1.2308575390        0.4390841846       -0.3602957593
 C          1.9793748065        0.5763440238        0.0362106282
 C         -2.7306871848        0.1900997199       -0.0228287143
 H         -3.9991644242        0.6574777246        1.2937314562
  17
 Etot=         -61.9070279454
 F         -0.9063161408       -1.8674917239        0.1007030039
 F         -0.4219499335       -0.4679818031        1.6713237604
 F          1.7323323854       -1.6670382696        0.6835820121
 F          1.2206543872       -1.1699322393       -1.3584523046
 F         -0.8155584028        1.6473853193        0.0586909713
 F         -1.0249717586        0.3878163775       -1.6906247741
 F          1.6084027400        1.4586859513       -0.8945497982
 F          3.2510479247        0.3148556539       -0.1263354707
 F          1.8049742477        1.1457960549        1.2261145589
 O         -3.0531313468        0.8184748888        1.0803040981
 O         -3.4411425218       -0.4799130422       -0.7039968547
 C         -0.3602883097       -0.6589726316        0.3403653033
 C          1.1377265551       -0.7381535161       -0.0897130039
 C         -1.2222374739        0.4335779926       -0.3613331604
 C          1.9609274545        0.5801516324        0.0351019531
 C         -2.7323519813        0.1947736441       -0.0304841382
 H         -3.9909844804        0.6727852112        1.3084054110
  17
 Etot=         -61.9071199976
 F         -0.9093887894       -1.8710081852        0.1134410589
 F         -0.4165431350       -0.4654826437        1.6732452074
 F          1.7382265679       -1.6687593466        0.6771796193
 F          1.2180598763       -1.1725633557       -1.3610209052
 F         -0.8119507196        1.6426771247        0.0636763447
 F         -1.0155868838        0.3888094595       -1.6889093966
 F          1.6040054783        1.4556631012       -0.9010195377
 F          3.2464003798        0.3217069828       -0.1176896523
 F          1.7857854367        1.1484216396        1.2221938784
 O         -3.0466088977        0.8111013047        1.0815687440
 O         -3.4422665885       -0.4669295404       -0.7181371363
 C         -0.3589391302       -0.6624032187        0.3428188283
 C          1.1370224931       -0.7409242780       -0.0924001507
 C         -1.2186113900        0.4299964780       -0.3602070583
 C          1.9538655467        0.5814760902        0.0333966475
 C         -2.7317878039        0.1958584077       -0.0342169273
 H         -3.9845490955        0.6771794801        1.3151820028
  17
 Etot=         -61.9072180082
 F         -0.9143565448       -1.8739944831        0.1350479406
 F         -0.4051485394       -0.4556174669        1.6771156130
 F          1.7464534563       -1.6714014288        0.6677977845
 F          1.2101657717       -1.1746859192       -1.3659684030
 F         -0.8102814912        1.6362191143        0.0749246642
 F         -1.0009843949        0.3893479065       -1.6845769638
 F          1.6016783939        1.4455901117       -0.9181967666
 F          3.2403125252        0.3290356575       -0.0982995185
 F          1.7508036391        1.1557348887        1.2128035292
 O         -3.0352378947        0.7931778149        1.0871667635
 O         -3.4436417375       -0.4395922171       -0.7478220268
 C         -0.3564410742       -0.6662649958        0.3480764030
 C          1.1356960596       -0.7455415714       -0.0965072582
 C         -1.2130895940        0.4248727247       -0.3576022683
 C          1.9436373636        0.5825402534        0.0296668379
 C         -2.7309149993        0.1988378841       -0.0427553837
 H         -3.9715175943        0.6765612269        1.3282306200
  17
 Etot=         -61.9072426381
 F         -0.9156734311       -1.8726759900        0.1415591213
 F         -0.4012906342       -0.4500575150        1.6790759557
 F          1.7469137030       -1.6726714812        0.6653777923
 F          1.2055012302       -1.1734579407       -1.3674030369
 F         -0.8118842949        1.6363659200        0.0779659089
 F         -0.9980767403        0.3891220195       -1.6829513793
 F          1.6056718954        1.4403631997       -0.9256713341
 F          3.2400483924        0.3280452655       -0.0906702679
 F          1.7429673029        1.1603556350        1.2080713693
 O         -3.0326113998        0.7832702897        1.0909216289
 O         -3.4444320319       -0.4285535887       -0.7582339014
 C         -0.3561078441       -0.6655487770        0.3506861066
 C          1.1349748640       -0.7463855267       -0.0970294511
 C         -1.2122865573        0.4247527886       -0.3567806651
 C          1.9427486579        0.5819666436        0.0283749745
 C         -2.7306085232        0.1989830540       -0.0453215567
 H         -3.9687212440        0.6709455040        1.3311303020
