
       ╔════════════════════════════════════════════╗
       ║            ___ ___ ___ ___ _____           ║
       ║           / __| _ \ __/ __|_   _|          ║
       ║          | (__|   / _|\__ \ | |            ║
       ║           \___|_|_\___|___/ |_|            ║
       ║                                            ║
       ║  Conformer-Rotamer Ensemble Sampling Tool  ║
       ║          based on the xTB methods          ║
       ║                                            ║
       ╚════════════════════════════════════════════╝
       Version 3.0.2, Thu, 29 August 14:20:46, 08/29/2024
       commit (65685a7) compiled by 'usr@d37571da525e'

   Cite work conducted with this code as

   • P.Pracht, F.Bohle, S.Grimme, PCCP, 2020, 22, 7169-7192.
   • S.Grimme, JCTC, 2019, 15, 2847-2862.
   • P.Pracht, S.Grimme, C.Bannwarth, F.Bohle, S.Ehlert,
     G.Feldmann, J.Gorges, M.Müller, T.Neudecker, C.Plett,
     S.Spicher, P.Steinbach, P.Wesołowski, F.Zeller,
     J. Chem. Phys., 2024, 160, 114110.

   for works involving QCG cite

   • S.Spicher, C.Plett, P.Pracht, A.Hansen, S.Grimme,
     JCTC, 2022, 18 (5), 3174-3189.
   • C.Plett, S. Grimme,
     Angew. Chem. Int. Ed. 2023, 62, e202214477.

   for works involving MECP screening cite

   • P.Pracht, C.Bannwarth, JCTC, 2022, 18 (10), 6370-6385.

   Original code
     P.Pracht, S.Grimme, Universität Bonn, MCTC
   with help from (alphabetical order):
     C.Bannwarth, F.Bohle, S.Ehlert, G.Feldmann, J.Gorges,
     S.Grimme, C.Plett, P.Pracht, S.Spicher, P.Steinbach,
     P.Wesolowski, F.Zeller

   Online documentation is available at
   https://crest-lab.github.io/crest-docs/

   This program is distributed in the hope that it will be useful,
   but WITHOUT ANY WARRANTY; without even the implied warranty of
   MERCHANTABILITY or FITNESS FOR A PARTICULAR PURPOSE. See the
   GNU Lesser General Public License (LGPL) for more details.

 Command line input:
 $ crest --input crest.toml

 reading crest.toml
********************************************************************************
* INPUT FILE crest.toml content (without comments):
********************************************************************************
* threads = 20
* runtype = "protonate"
* input = "input.xyz"
* [protonation]
* ion = "Na+"
* ewin = 10.0000000000
* ffopt = true
* finalopt = true
********************************************************************************
  -swel : using Na-atom with charge 1 instead of H⁺

> Setting up backup calculator ... done.
 ----------------
 Calculation info
 ----------------
> User-defined calculation level:
 : xTB calculation via tblite lib
 : GFN2-xTB level
 :   Molecular charge    : 0
 :   Fermi temperature   : 300.00000
 :   Accuracy            : 1.00000
 :   max SCC cycles      : 500


 -----------------------------
 Initial Geometry Optimization
 -----------------------------
 Geometry successfully optimized.

                  _                    _        
  _ __  _ __ ___ | |_ ___  _ __   __ _| |_ ___  
 | '_ \| '__/ _ \| __/ _ \| '_ \ / _` | __/ _ \ 
 | |_) | | | (_) | || (_) | | | | (_| | ||  __/ 
 | .__/|_|  \___/ \__\___/|_| |_|\__,_|\__\___| 
 |_|                                            
 -----------------------------------------------
   automated protonation site screening script  
        revised version (c) P.Pracht 2024       
 Cite as:
   P.Pracht, C.A.Bauer, S.Grimme
   JCC, 2017, 38, 2618–2631.

 =============================
  # threads =          20
 =============================

 Input structure:
  17

 F         -0.9178471065       -1.8683508845        0.1527298311
 F         -0.3958623077       -0.4388204491        1.6829821048
 F          1.7454090918       -1.6756729799        0.6617180960
 F          1.1968009295       -1.1700890160       -1.3690423890
 F         -0.8150527423        1.6393093266        0.0790768088
 F         -0.9950438267        0.3878260523       -1.6810239672
 F          1.6168315508        1.4306360568       -0.9382648548
 F          3.2415577206        0.3233050824       -0.0775219093
 F          1.7352864558        1.1701861444        1.1990935031
 O         -3.0293851879        0.7622730791        1.0994568450
 O         -3.4479655048       -0.4074392719       -0.7757304031
 C         -0.3561520548       -0.6619870109        0.3558921334
 C          1.1335627866       -0.7469387750       -0.0967825860
 C         -1.2121102943        0.4262955829       -0.3562162595
 C          1.9440693079        0.5802145953        0.0266842286
 C         -2.7310093663        0.2002244542       -0.0500559740
 H         -3.9659561065        0.6538475135        1.3361063594

--------------------------------------------------------------------------------

> Setting up GFN0-xTB for LMO center calculation ... done.
> Performing singlepoint calculation ... 
 dipole moment from electron density (au)
     X       Y       Z   
  -0.7562   0.6218   1.1158  total (Debye):    3.773
 doing rotations ...
 doing transformations ...
  LMO type  Fii/eV   ncent   charge center         contributions...
    1 sigma -459.85   1.75   3.26319   2.11004  -1.12034    7  F :  0.69   15  C :  0.32
    2 sigma -459.77   1.75   5.23647   0.76372  -0.07737    8  F :  0.69   15  C :  0.31
    3 sigma -459.58   1.75   3.40783   1.79450   1.47094    9  F :  0.69   15  C :  0.32
    4 sigma -458.29   1.76   2.20753  -1.90675  -1.71850    4  F :  0.68   13  C :  0.32
    5 sigma -458.16   1.75  -1.34498  -2.70441   0.40789    1  F :  0.69   12  C :  0.31
    6 sigma -457.88   1.76  -2.04083   0.74287  -2.26652    6  F :  0.68   14  C :  0.32
    7 sigma -457.39   1.76  -0.71139  -0.96501   2.26744    2  F :  0.68   12  C :  0.32
    8 sigma -457.31   1.76  -1.82302   2.26133  -0.13313    5  F :  0.68   14  C :  0.32
    9 sigma -457.31   1.76   2.87128  -2.52357   0.74652    3  F :  0.69   13  C :  0.31
   10 sigma -454.43   1.98  -6.76998   1.31393   2.33426   10  O :  0.55   17  H :  0.44
   11 pi    -411.92   1.84  -5.92946  -0.75668  -0.77524   11  O :  0.65   16  C :  0.35
   12 pi    -411.74   1.84  -6.14417   0.01407  -1.21202   11  O :  0.65   16  C :  0.34
   13 pi    -394.43   1.67  -5.66444   1.48442   1.26859   10  O :  0.72   16  C :  0.27
   14 pi    -393.21   1.64  -5.48270   0.79169   1.67450   10  O :  0.73   16  C :  0.26
   15 LP    -393.03   0.99  -1.28290   2.06406  -3.54946    6  F :  1.01
   16 sigma -391.53   2.02  -1.49782  -0.22169  -0.01449   14  C :  0.50   12  C :  0.50
   17 sigma -390.92   2.00   0.73031  -1.28025   0.22524   13  C :  0.50   12  C :  0.50
   18 sigma -390.90   1.99   2.86600  -0.16315  -0.05843   13  C :  0.51   15  C :  0.50
   19 sigma -389.66   2.01  -3.69484   0.60035  -0.38500   14  C :  0.52   16  C :  0.48
   20 LP    -389.25   1.01  -0.91262  -0.38587  -3.49115    6  F :  1.00
   21 LP    -388.06   1.01   0.86140  -2.39360  -3.13575    4  F :  0.99
   22 LP    -387.89   1.01  -2.70717   3.82500   0.79032    5  F :  0.99
   23 LP    -387.61   1.02   4.61010   2.32610   2.95811    9  F :  0.99
   24 LP    -387.39   1.02   6.64541   1.38744  -1.32395    8  F :  0.99
   25 LP    -387.34   1.02  -2.93505  -3.38506  -0.62274    1  F :  0.99
   26 LP    -387.19   1.02   6.36422  -0.86610  -0.34646    8  F :  0.99
   27 LP    -387.14   1.02   3.02241  -1.20062  -3.41903    4  F :  0.99
   28 LP    -387.12   1.02   2.31567  -3.74615   2.24765    3  F :  0.99
   29 LP    -387.03   1.02   4.46650  -2.53175   1.97551    3  F :  0.99
   30 LP    -386.77   1.02   0.65213  -0.58717   3.70322    2  F :  0.99
   31 LP    -386.65   1.02  -3.19055   0.51853  -3.90784    6  F :  0.99
   32 LP    -386.57   1.03   2.56277   3.96467  -1.12097    7  F :  0.99
   33 LP    -386.56   1.02  -0.71987  -4.47465  -0.32589    1  F :  0.99
   34 LP    -386.55   1.03  -1.33884  -2.06726   3.80507    2  F :  0.99
   35 LP    -386.54   1.02   2.31889   1.40318   3.10668    9  F :  0.99
   36 LP    -386.50   1.02   1.98135   2.11790  -2.65835    7  F :  0.99
   37 LP    -386.35   1.02  -1.62874   0.36973   3.46178    2  F :  0.99
   38 LP    -386.32   1.02  -0.41699   2.92486   1.15034    5  F :  0.99
   39 LP    -386.19   1.03  -2.16401  -4.03115   1.64111    1  F :  0.99
   40 LP    -386.18   1.03   6.78121   1.07746   1.12296    8  F :  0.99
   41 LP    -386.15   1.03   3.78286  -4.24045   0.31123    3  F :  0.99
   42 LP    -386.12   1.03  -1.05138   3.85492  -1.06030    5  F :  0.99
   43 LP    -386.07   1.03   4.29970   2.97588  -2.57201    7  F :  0.99
   44 LP    -386.01   1.03   2.71082   3.57511   1.99254    9  F :  0.99
   45 LP    -386.00   1.03   2.99084  -3.52839  -2.56648    4  F :  0.99
   46 LP    -385.66   1.02  -4.65432   2.23369   2.95282   10  O :  0.99
   47 LP    -382.13   1.06  -5.88455  -1.28690  -2.69644   11  O :  0.97
   48 LP    -376.41   1.08  -7.87429  -0.79118  -0.82604   11  O :  0.96
 starting deloc pi regularization ...
 ncent threshold   2.20 --> # pi deloc LMO 3
> done.
> Total wall time for calculations
 * wall-time:     0 d,  0 h,  0 min,  0.084 sec
 *  cpu-time:     0 d,  0 h,  0 min,  0.095 sec
 * ratio c/w:     1.143 speedup
--------------------------------------------------------------------------------

> 34 π- or LP-centers identified as protonation candidates:
   LMO type     center(xyz/Ang)
     1 π        -3.13774    -0.40042    -0.41024
     2 π        -3.25135     0.00745    -0.64137
     3 π        -2.99749     0.78552     0.67131
     4 π        -2.90132     0.41894     0.88611
     5 LP       -0.67888     1.09225    -1.87829
     6 LP       -0.48294    -0.20419    -1.84743
     7 LP        0.45583    -1.26664    -1.65937
     8 LP       -1.43257     2.02410     0.41822
     9 LP        2.43956     1.23092     1.56536
    10 LP        3.51660     0.73420    -0.70061
    11 LP       -1.55316    -1.79130    -0.32954
    12 LP        3.36780    -0.45832    -0.18334
    13 LP        1.59939    -0.63534    -1.80927
    14 LP        1.22540    -1.98238     1.18940
    15 LP        2.36357    -1.33975     1.04539
    16 LP        0.34509    -0.31072     1.95966
    17 LP       -1.68837     0.27439    -2.06794
    18 LP        1.35616     2.09801    -0.59319
    19 LP       -0.38094    -2.36788    -0.17246
    20 LP       -0.70848    -1.09395     2.01355
    21 LP        1.22711     0.74253     1.64398
    22 LP        1.04849     1.12074    -1.40674
    23 LP       -0.86189     0.19565     1.83190
    24 LP       -0.22066     1.54777     0.60873
    25 LP       -1.14515    -2.13320     0.86844
    26 LP        3.58846     0.57017     0.59425
    27 LP        2.00180    -2.24395     0.16470
    28 LP       -0.55636     2.03994    -0.56109
    29 LP        2.27531     1.57477    -1.36105
    30 LP        1.43450     1.89187     1.05441
    31 LP        1.58268    -1.86714    -1.35812
    32 LP       -2.46296     1.18202     1.56257
    33 LP       -3.11397    -0.68100    -1.42689
    34 LP       -4.16689    -0.41867    -0.43712
> Generating candidate structures ... 
> Up to 34 new structures
> Increasing the molecular charge by 1
> Write protonate_0.xyz with 34 candidates ... 
> done.

 -------------------------------------
 Protomer Ensemble FF Pre-Optimization
 -------------------------------------
> LMO centers can be very close to atoms, leading to initial
  extremely high-energy candidates which may undergo unwanted
  chemical changes in optimizations. Classical force-fields
  with defined bond-topology can help circumvent this issue.
> Setting up force-field structure pre-optimization ...
 ----------------
 Calculation info
 ----------------
> User-defined calculation level:
 : GFN-FF calculation via GFNFF lib
 :   Molecular charge    : 1

 Optimization engine: ANCOPT
 Hessian update type: BFGS
 E/G convergence criteria:  0.500E-05 Eh, 0.100E-02 Eh/a0
 maximum optimization steps: 10000
> 34 structures to optimize ...
 |>2.9% |>11.8% |>20.6% |>32.4% |>41.2% |>50.0% |>61.8% |>70.6% |>82.4% |>91.2% |>100.0%
 done.
> 34 of 34 structures successfully optimized (100.0% success)
> Total runtime for 34 optimizations:
 * wall-time:     0 d,  0 h,  0 min,  0.675 sec
 *  cpu-time:     0 d,  0 h,  0 min, 13.005 sec
 * ratio c/w:    19.259 speedup
> Corresponding to approximately 0.020 sec per processed structure
> Write protonate_1.xyz with optimized structures ... 
> Sorting structures by energy to remove failed opts. ...
 input  file name : protonate_1.xyz
 output file name : protonate_1.xyz.sorted
 sorting energy window (EWIN)   : 1000.0000 / kcal*mol⁻¹
 reference state Etot           :  -1.0235641700000000     

=====================================================
============== ordered structure list ===============
=====================================================
 written to file <protonate_1.xyz.sorted>

 structure      ΔE(kcal/mol)                 Etot(Eh)
         1            0.0000            -1.0235641700
         2            0.4127            -1.0229064300
         3           12.9718            -1.0028922500
         4           32.0225            -0.9725330500
         5           37.6464            -0.9635708900
         6           37.6657            -0.9635400300
         7           37.7859            -0.9633484700
         8           37.8007            -0.9633249300
         9           37.9515            -0.9630846500
        10           38.7417            -0.9618253700
        11           38.7508            -0.9618107900
        12           41.3509            -0.9576673400
        13           59.2048            -0.9292152400
        14           59.5258            -0.9287037000
        15           70.9519            -0.9104951900
        16           73.7159            -0.9060903500
        17           73.9104            -0.9057803900
        18           76.3859            -0.9018354900
        19           81.3610            -0.8939072200
        20           89.1927            -0.8814265500
        21           93.0868            -0.8752209800
        22           97.9771            -0.8674277500
        23           97.9772            -0.8674276000
        24           98.7221            -0.8662404500
        25           98.7316            -0.8662254000
        26          106.3181            -0.8541354800
        27          106.5334            -0.8537924600
        28          107.2517            -0.8526477800
        29          108.1879            -0.8511557600
        30          108.6889            -0.8503574300
        31          117.2713            -0.8366803900
        32          118.6925            -0.8344157100
        33          173.9777            -0.7463131100
        34          174.7604            -0.7450657100

> Sorted file was renamed to protonate_1.xyz
> WARNING: These are force-field energies which are 
           NOT(!) accurate for bond formation and breaking!

 ------------------------------------------
 Protomer Ensemble Frozen-Atom Optimization
 ------------------------------------------
> Setting up frozen structure optimization ...
> 16 frozen atoms. All H non-frozen.
 ----------------
 Calculation info
 ----------------
> User-defined calculation level:
 : xTB calculation via tblite lib
 : GFN2-xTB level
 :   Molecular charge    : 1
 :   Fermi temperature   : 300.00000
 :   Accuracy            : 1.00000
 :   max SCC cycles      : 500

> 34 structures to optimize ...
 |>2.9% |>11.8% |>20.6% |>32.4% |>41.2% |>50.0% |>61.8% |>70.6% |>82.4% |>91.2% |>100.0%
 done.
> 34 of 34 structures successfully optimized (100.0% success)
> Total runtime for 34 optimizations:
 * wall-time:     0 d,  0 h,  0 min,  1.469 sec
 *  cpu-time:     0 d,  0 h,  0 min, 29.198 sec
 * ratio c/w:    19.876 speedup
> Corresponding to approximately 0.043 sec per processed structure
> Write protonate_2.xyz with optimized structures ... 
> Sorting structures by energy to remove failed opts. ...
 input  file name : protonate_2.xyz
 output file name : protonate_2.xyz.sorted
 sorting energy window (EWIN)   :   50.0000 / kcal*mol⁻¹
 number of removed by energy    :   1
 number of remaining points     :   33
 reference state Etot           :  -61.746734689999997     

=====================================================
============== ordered structure list ===============
=====================================================
 written to file <protonate_2.xyz.sorted>

 structure      ΔE(kcal/mol)                 Etot(Eh)
         1            0.0000           -61.7467346900
         2            7.6899           -61.7344800500
         3            9.8106           -61.7311005200
         4           11.2536           -61.7288010000
         5           12.8661           -61.7262312300
         6           13.4225           -61.7253446100
         7           13.8198           -61.7247114100
         8           14.4459           -61.7237137600
         9           14.5316           -61.7235771000
        10           16.2096           -61.7209031200
        11           16.3076           -61.7207468200
        12           18.8575           -61.7166834000
        13           19.2281           -61.7160927600
        14           20.3404           -61.7143202300
        15           20.5557           -61.7139770700
        16           20.6599           -61.7138110500
        17           21.4388           -61.7125698500
        18           22.0613           -61.7115777100
        19           22.1619           -61.7114174900
        20           22.2363           -61.7112988400
        21           22.5510           -61.7107973400
        22           23.0652           -61.7099779400
        23           24.5536           -61.7076060000
        24           25.4056           -61.7062482800
        25           25.4815           -61.7061273600
        26           25.5227           -61.7060616700
        27           25.6794           -61.7058119800
        28           25.6926           -61.7057908900
        29           25.7052           -61.7057709000
        30           26.1828           -61.7050096700
        31           27.0970           -61.7035528800
        32           28.3066           -61.7016253200
        33           32.8293           -61.6944178600

> Sorted file was renamed to protonate_2.xyz

 ------------------------------------
 Final Protomer Ensemble Optimization
 ------------------------------------
 ----------------
 Calculation info
 ----------------
> User-defined calculation level:
 : xTB calculation via tblite lib
 : GFN2-xTB level
 :   Molecular charge    : 1
 :   Fermi temperature   : 300.00000
 :   Accuracy            : 1.00000
 :   max SCC cycles      : 500

 Optimization engine: ANCOPT
 Hessian update type: BFGS
 E/G convergence criteria:  0.100E-06 Eh, 0.200E-03 Eh/a0
 maximum optimization steps: 200
> 33 structures to optimize ...
 |>3.0% |>12.1% |>21.2% |>30.3% |>42.4% |>51.5% |>60.6% |>72.7% |>81.8% |>90.9% |>100.0%
 done.
> 33 of 33 structures successfully optimized (100.0% success)
> Total runtime for 33 optimizations:
 * wall-time:     0 d,  0 h,  0 min,  8.331 sec
 *  cpu-time:     0 d,  0 h,  2 min, 46.135 sec
 * ratio c/w:    19.941 speedup
> Corresponding to approximately 0.252 sec per processed structure
> Write protonate_3.xyz with optimized structures ... 
> Sorting structures by energy ...
 input  file name : protonate_3.xyz
 output file name : protonate_3.xyz.sorted
 sorting energy window (EWIN)   :   30.0000 / kcal*mol⁻¹
 reference state Etot           :  -61.770031889999998     

=====================================================
============== ordered structure list ===============
=====================================================
 written to file <protonate_3.xyz.sorted>

 structure      ΔE(kcal/mol)                 Etot(Eh)
         1            0.0000           -61.7700318900
         2            0.0075           -61.7700199000
         3            0.8295           -61.7687099600
         4            0.8316           -61.7687066500
         5            0.8321           -61.7687058100
         6            0.8636           -61.7686556200
         7            0.8868           -61.7686186600
         8            0.8882           -61.7686164200
         9            1.0958           -61.7682857000
        10            1.0990           -61.7682805900
        11            2.5711           -61.7659345100
        12            3.9723           -61.7637015500
        13            4.4947           -61.7628691100
        14            4.5013           -61.7628585700
        15            4.5018           -61.7628577700
        16            5.0399           -61.7620003600
        17            6.5575           -61.7595818800
        18            6.7140           -61.7593324900
        19            6.7151           -61.7593307500
        20            7.9610           -61.7573452500
        21            8.2427           -61.7568963000
        22            8.5892           -61.7563441000
        23            8.5915           -61.7563404900
        24            8.7860           -61.7560304600
        25            8.8128           -61.7559878000
        26            8.8835           -61.7558751900
        27            8.8981           -61.7558518800
        28           11.9472           -61.7509928000
        29           12.1336           -61.7506957200
        30           12.1428           -61.7506811400
        31           12.5315           -61.7500616700
        32           13.9643           -61.7477783200
        33           14.0265           -61.7476791800

 ---------------------------------------------
 Remove duplicates via canonical atom identity
 ---------------------------------------------
> Setting up canonical atom order for 33 structures via CN-based molecular graphs ...
 |>3.0% |>12.1% |>21.2% |>30.3% |>42.4% |>51.5% |>60.6% |>72.7% |>81.8% |>90.9% |>100.0%
 done.
> 10 groups identified based on canonical atom identifier algorithm
> 8 structures discared due to fragment change (!=1)
 input  file name : unique.xyz
 output file name : unique.xyz.sorted
 sorting energy window (EWIN)   :   30.0000 / kcal*mol⁻¹
 reference state Etot           :  -61.770031889999998     

=====================================================
============== ordered structure list ===============
=====================================================
 written to file <unique.xyz.sorted>

 structure      ΔE(kcal/mol)                 Etot(Eh)
         1            0.0000           -61.7700318900
         2            0.8295           -61.7687099600
         3            0.8868           -61.7686186600
         4            1.0958           -61.7682857000
         5            6.7140           -61.7593324900
         6            8.5892           -61.7563441000
         7            8.7860           -61.7560304600
         8            8.8128           -61.7559878000
         9           12.1336           -61.7506957200

> Sorted file was renamed to protonated.xyz
> All other temporary protonate_*.xyz files are removed by default.

 -----------------
 Wall Time Summary
 -----------------
 CREST runtime (total)                   0 d,  0 h,  0 min, 11.097 sec
 ----------------------------------------------------------------------
 LMO center calculation         ...        0 min,  0.084 sec (  0.753%)
 Ensemble optimization (FF)     ...        0 min,  0.676 sec (  6.094%)
 Ensemble optimization (frozen) ...        0 min,  1.470 sec ( 13.250%)
 Ensemble refinement            ...        0 min,  0.016 sec (  0.142%)
 Ensemble optimization          ...        0 min,  8.332 sec ( 75.087%)
 I/O and setup                  ...        0 min,  0.519 sec (  4.674%)
 ----------------------------------------------------------------------
 * wall-time:     0 d,  0 h,  0 min, 11.097 sec
 *  cpu-time:     0 d,  0 h,  3 min, 29.506 sec
 * ratio c/w:    18.880 speedup
 ----------------------------------------------------------------------
 * Total number of energy+grad calls: 3591

 CREST terminated normally.
