  17
 Etot=         -61.9053535951
 F         -0.8931284639       -1.8429730456        0.0423686368
 F         -0.4322671984       -0.4502149069        1.6586914358
 F          1.7067213782       -1.6513297294        0.7194929988
 F          1.2197368800       -1.1418408020       -1.3517650293
 F         -0.8600812741        1.6578626439        0.0682818430
 F         -1.0643699388        0.3698461697       -1.6837153286
 F          1.6321058087        1.4496884761       -0.8996618808
 F          3.2771280567        0.2683784786       -0.1465623868
 F          1.8538641492        1.1340297695        1.2364114763
 O         -3.0756211429        0.8385427623        1.0908289879
 O         -3.4295017141       -0.5093585810       -0.6832746347
 C         -0.3578152171       -0.6436341811        0.3304017956
 C          1.1453690990       -0.7230340884       -0.0779628791
 C         -1.2379126550        0.4394997550       -0.3566719398
 C          1.9952110679        0.5744035058        0.0353628297
 C         -2.7297756340        0.1865697674       -0.0180247954
 H         -4.0025164515        0.6484034727        1.2849791956
  17
 Etot=         -61.9065346818
 F         -0.8972918093       -1.8541329956        0.0676431302
 F         -0.4285882278       -0.4610776616        1.6659457990
 F          1.7171182990       -1.6590793167        0.7036266342
 F          1.2209810350       -1.1567628644       -1.3546386332
 F         -0.8380754414        1.6557311697        0.0605259469
 F         -1.0486190078        0.3802860096       -1.6891435632
 F          1.6220147566        1.4550513260       -0.8944408443
 F          3.2644621722        0.2895749433       -0.1389928127
 F          1.8366911485        1.1404715936        1.2322787362
 O         -3.0661919072        0.8299512654        1.0852724897
 O         -3.4348489773       -0.4980805359       -0.6880239619
 C         -0.3601455764       -0.6494733409        0.3354760682
 C          1.1409440957       -0.7306509263       -0.0833001558
 C         -1.2308603944        0.4390899446       -0.3602835587
 C          1.9793823023        0.5763384290        0.0362408025
 C         -2.7307001571        0.1901444832       -0.0228178977
 H         -3.9991255608        0.6574579438        1.2938121456
  17
 Etot=         -61.9070279917
 F         -0.9063341435       -1.8674820163        0.1006196075
 F         -0.4219593825       -0.4680390505        1.6713016851
 F          1.7323085238       -1.6670798215        0.6835186143
 F          1.2206454172       -1.1698787071       -1.3584998566
 F         -0.8155455845        1.6474008520        0.0587218464
 F         -1.0249890719        0.3878640634       -1.6906233513
 F          1.6084140731        1.4587178448       -0.8944656643
 F          3.2510503253        0.3148125949       -0.1263446181
 F          1.8050198766        1.1457145433        1.2261778947
 O         -3.0530800224        0.8183962552        1.0804044602
 O         -3.4411964341       -0.4797397864       -0.7040566116
 C         -0.3603011690       -0.6589757472        0.3403356416
 C          1.1377136934       -0.7381582476       -0.0897406228
 C         -1.2222410654        0.4336058198       -0.3613284181
 C          1.9609356516        0.5801285444        0.0351336854
 C         -2.7323592015        0.1948312277       -0.0304795905
 H         -3.9909347364        0.6727210981        1.3085056231
  17
 Etot=         -61.9071200952
 F         -0.9094123334       -1.8709973677        0.1133636233
 F         -0.4165513327       -0.4655361616        1.6732232460
 F          1.7382015970       -1.6688039857        0.6771118861
 F          1.2180455988       -1.1725180783       -1.3610693062
 F         -0.8119328543        1.6426932709        0.0637153869
 F         -1.0155971928        0.3888694738       -1.6889073200
 F          1.6040157750        1.4556921507       -0.9009430768
 F          3.2464024835        0.3216717010       -0.1176910106
 F          1.7858155893        1.1483403768        1.2222519442
 O         -3.0465553862        0.8110163718        1.0816677014
 O         -3.4423153489       -0.4667536707       -0.7182005177
 C         -0.3589506461       -0.6624060915        0.3427893211
 C          1.1370094643       -0.7409305796       -0.0924306568
 C         -1.2186112455        0.4300266722       -0.3602006669
 C          1.9538709401        0.5814519446        0.0334245152
 C         -2.7317878070        0.1959031884       -0.0342042451
 H         -3.9845005513        0.6771202516        1.3152795009
  17
 Etot=         -61.9072180935
 F         -0.9143888541       -1.8739754078        0.1349680875
 F         -0.4051620001       -0.4556671442        1.6770913695
 F          1.7464215252       -1.6714511570        0.6677302893
 F          1.2101483188       -1.1746498161       -1.3660151691
 F         -0.8102584130        1.6362409976        0.0749652845
 F         -1.0009893855        0.3894265741       -1.6845731781
 F          1.6016931782        1.4456175017       -0.9181253468
 F          3.2403179930        0.3289999228       -0.0982971070
 F          1.7508298384        1.1556504323        1.2128589004
 O         -3.0351934875        0.7931005983        1.0872550276
 O         -3.4436760592       -0.4394391088       -0.7478656523
 C         -0.3564523404       -0.6662619271        0.3480442253
 C          1.1356841298       -0.7455484639       -0.0965389150
 C         -1.2130883436        0.4249119212       -0.3575951410
 C          1.9436465709        0.5825129426        0.0296912431
 C         -2.7309158925        0.1988923278       -0.0427466482
 H         -3.9714700286        0.6764792733        1.3283330553
  17
 Etot=         -61.9072427352
 F         -0.9157061987       -1.8726581491        0.1414805623
 F         -0.4013007566       -0.4501091790        1.6790539268
 F          1.7468823060       -1.6727192556        0.6653111916
 F          1.2054812328       -1.1734213537       -1.3674502604
 F         -0.8118632742        1.6363844460        0.0780199367
 F         -0.9980792777        0.3892077836       -1.6829418671
 F          1.6056880359        1.4403866753       -0.9256094630
 F          3.2400534935        0.3280080209       -0.0906669595
 F          1.7429893091        1.1602770910        1.2081207251
 O         -3.0325674548        0.7831884717        1.0910107695
 O         -3.4444661954       -0.4283932517       -0.7582862570
 C         -0.3561189525       -0.6655478028        0.3506559394
 C          1.1349626271       -0.7463921537       -0.0970616322
 C         -1.2122833311        0.4247913660       -0.3567687033
 C          1.9427580208        0.5819402877        0.0283954902
 C         -2.7306043804        0.1990244556       -0.0453050724
 H         -3.9686784540        0.6708720149        1.3312219982
