
       ╔════════════════════════════════════════════╗
       ║            ___ ___ ___ ___ _____           ║
       ║           / __| _ \ __/ __|_   _|          ║
       ║          | (__|   / _|\__ \ | |            ║
       ║           \___|_|_\___|___/ |_|            ║
       ║                                            ║
       ║  Conformer-Rotamer Ensemble Sampling Tool  ║
       ║          based on the xTB methods          ║
       ║                                            ║
       ╚════════════════════════════════════════════╝
       Version 3.0.2, Thu, 29 August 14:20:46, 08/29/2024
       commit (65685a7) compiled by 'usr@d37571da525e'

   Cite work conducted with this code as

   • P.Pracht, F.Bohle, S.Grimme, PCCP, 2020, 22, 7169-7192.
   • S.Grimme, JCTC, 2019, 15, 2847-2862.
   • P.Pracht, S.Grimme, C.Bannwarth, F.Bohle, S.Ehlert,
     G.Feldmann, J.Gorges, M.Müller, T.Neudecker, C.Plett,
     S.Spicher, P.Steinbach, P.Wesołowski, F.Zeller,
     J. Chem. Phys., 2024, 160, 114110.

   for works involving QCG cite

   • S.Spicher, C.Plett, P.Pracht, A.Hansen, S.Grimme,
     JCTC, 2022, 18 (5), 3174-3189.
   • C.Plett, S. Grimme,
     Angew. Chem. Int. Ed. 2023, 62, e202214477.

   for works involving MECP screening cite

   • P.Pracht, C.Bannwarth, JCTC, 2022, 18 (10), 6370-6385.

   Original code
     P.Pracht, S.Grimme, Universität Bonn, MCTC
   with help from (alphabetical order):
     C.Bannwarth, F.Bohle, S.Ehlert, G.Feldmann, J.Gorges,
     S.Grimme, C.Plett, P.Pracht, S.Spicher, P.Steinbach,
     P.Wesolowski, F.Zeller

   Online documentation is available at
   https://crest-lab.github.io/crest-docs/

   This program is distributed in the hope that it will be useful,
   but WITHOUT ANY WARRANTY; without even the implied warranty of
   MERCHANTABILITY or FITNESS FOR A PARTICULAR PURPOSE. See the
   GNU Lesser General Public License (LGPL) for more details.

 Command line input:
 $ crest input.sdf --deprotonate --ewin 30.0

  --deprotonate : automated deprotonation script
  --ewin 30.0

 -------------------------
 xTB Geometry Optimization
 -------------------------
 Geometry successfully optimized.
        __________________________________________
       |                                          |
       |      automated deprotonation script      |
       |__________________________________________|
  Universitaet Bonn, MCTC
  P.Pracht, Wed 28. Nov 13:11:52 CEST 2018

-----------------------
Multilevel Optimization
-----------------------
 -------------------------
 1. crude pre-optimization
 -------------------------
 Optimizing all 1 structures from file "deprotonate_0.xyz" ...
 1
 done.
 1 structures remain within    90.00 kcal/mol window

 ---------------------
 2. loose optimization
 ---------------------
 Optimizing all 1 structures from file "deprotonate_1.xyz" ...
 1
 done.
 1 structures remain within    60.00 kcal/mol window

 --------------------------------------------
 3. optimization with user-defined thresholds
 --------------------------------------------
 Optimizing all 1 structures from file "deprotonate_2.xyz" ...
 1
 done.
 1 structures remain within    30.00 kcal/mol window

 ===================================================
 Identifying topologically equivalent structures:
 Done.
 Appending file <deprotonated.xyz> with structures.

 All initial 1 structures from file deprotonate_3.xyz are unique.

===================================================
============= ordered structure list ==============
===================================================
 written to file <deprotonated.xyz>

 structure    ΔE(kcal/mol)   Etot(Eh)
    1            0.00        -61.689019


 -----------------
 Wall Time Summary
 -----------------
 CREST runtime (total)               0 d,  0 h,  0 min,  4.004 sec
 ------------------------------------------------------------------
 INPUT generation           ...        0 min,  0.001 sec (  0.015%)
 multilevel OPT             ...        0 min,  1.424 sec ( 35.570%)
 I/O and setup              ...        0 min,  2.579 sec ( 64.415%)
 ------------------------------------------------------------------
 * wall-time:     0 d,  0 h,  0 min,  4.004 sec
 *  cpu-time:     0 d,  0 h,  0 min,  0.036 sec
 * ratio c/w:     0.009 speedup
 ------------------------------------------------------------------
 CREST terminated normally.
